#
# There is insufficient memory for the Java Runtime Environment to continue.
# Native memory allocation (mmap) failed to map 34603008 bytes for G1 virtual space
# Possible reasons:
#   The system is out of physical RAM or swap space
#   The process is running with CompressedOops enabled, and the Java Heap may be blocking the growth of the native heap
# Possible solutions:
#   Reduce memory load on the system
#   Increase physical memory or swap space
#   Check if swap backing store is full
#   Decrease Java heap size (-Xmx/-Xms)
#   Decrease number of Java threads
#   Decrease Java thread stack sizes (-Xss)
#   Set larger code cache with -XX:ReservedCodeCacheSize=
#   JVM is running with Unscaled Compressed Oops mode in which the Java heap is
#     placed in the first 4GB address space. The Java Heap base address is the
#     maximum limit for the native heap growth. Please use -XX:HeapBaseMinAddress
#     to set the Java Heap base and to place the Java Heap above 4GB virtual address.
# This output file may be truncated or incomplete.
#
#  Out of Memory Error (os_windows.cpp:3613), pid=63276, tid=62916
#
# JRE version: OpenJDK Runtime Environment Temurin-17.0.9+9 (17.0.9+9) (build 17.0.9+9)
# Java VM: OpenJDK 64-Bit Server VM Temurin-17.0.9+9 (17.0.9+9, mixed mode, tiered, compressed oops, compressed class ptrs, g1 gc, windows-amd64)
# No core dump will be written. Minidumps are not enabled by default on client versions of Windows
#

---------------  S U M M A R Y ------------

Command Line: -ea -Dfile.encoding=UTF-8 -Dstdout.encoding=UTF-8 -Dstderr.encoding=UTF-8 -XX:+ShowCodeDetailsInExceptionMessages org.testng.remote.RemoteTestNG -serport 51346 -protocol json -d E:\Rahul Bhalla CIS\OntrackProjectBDD\OnTrack_BDD\test-output C:\Users\cis\AppData\Local\Temp\testng-eclipse-481974074\testng-customsuite.xml

Host: Intel(R) Core(TM) i5-4570T CPU @ 2.90GHz, 4 cores, 7G,  Windows 10 , 64 bit Build 19041 (10.0.19041.2546)
Time: Wed Feb 28 17:02:23 2024 India Standard Time elapsed time: 2658.805438 seconds (0d 0h 44m 18s)

---------------  T H R E A D  ---------------

Current thread (0x000001e97ef28ab0):  VMThread "VM Thread" [stack: 0x0000006449300000,0x0000006449400000] [id=62916]

Stack: [0x0000006449300000,0x0000006449400000]
Native frames: (J=compiled Java code, j=interpreted, Vv=VM code, C=native code)
V  [jvm.dll+0x67cf49]
V  [jvm.dll+0x83478a]
V  [jvm.dll+0x83624e]
V  [jvm.dll+0x8368b3]
V  [jvm.dll+0x247f1f]
V  [jvm.dll+0x679d69]
V  [jvm.dll+0x66e6ba]
V  [jvm.dll+0x307e5b]
V  [jvm.dll+0x30f306]
V  [jvm.dll+0x35f0ce]
V  [jvm.dll+0x35f2ff]
V  [jvm.dll+0x2dea58]
V  [jvm.dll+0x2dcc34]
V  [jvm.dll+0x2dc23c]
V  [jvm.dll+0x3202bb]
V  [jvm.dll+0x83adab]
V  [jvm.dll+0x83baf1]
V  [jvm.dll+0x83c00d]
V  [jvm.dll+0x83c3e4]
V  [jvm.dll+0x83c4b0]
V  [jvm.dll+0x7e3c3a]
V  [jvm.dll+0x67be35]
C  [ucrtbase.dll+0x21bb2]
C  [KERNEL32.DLL+0x17614]
C  [ntdll.dll+0x526a1]

VM_Operation (0x0000006448dfdf60): G1CollectForAllocation, mode: safepoint, requested by thread 0x000001e97489b930


---------------  P R O C E S S  ---------------

Threads class SMR info:
_java_thread_list=0x000001e97fbcbea0, length=167, elements={
0x000001e97489b930, 0x000001e97ef2af90, 0x000001e97ef2cfb0, 0x000001e97ef5cbb0,
0x000001e97ef5d480, 0x000001e97ef5dd50, 0x000001e97ef5e620, 0x000001e97efa6df0,
0x000001e97efa7700, 0x000001e97efba7e0, 0x000001e97f110270, 0x000001e97f13e030,
0x000001e97fc11780, 0x000001e915f1fdd0, 0x000001e91624cc00, 0x000001e9162475f0,
0x000001e91624b2b0, 0x000001e91624c6f0, 0x000001e916248f40, 0x000001e91624bcd0,
0x000001e9162470e0, 0x000001e916249450, 0x000001e91624c1e0, 0x000001e916247b00,
0x000001e91624d620, 0x000001e91624a890, 0x000001e916248010, 0x000001e915f22b60,
0x000001e916245ca0, 0x000001e915f22140, 0x000001e91624d110, 0x000001e915f22650,
0x000001e91624b7c0, 0x000001e916249e70, 0x000001e915f21210, 0x000001e916c55670,
0x000001e916c57ef0, 0x000001e916c579e0, 0x000001e916c59330, 0x000001e916c565a0,
0x000001e916c54230, 0x000001e916c574d0, 0x000001e916c58910, 0x000001e916c54740,
0x000001e916c55160, 0x000001e916c52df0, 0x000001e916c59d50, 0x000001e916c53d20,
0x000001e916c523d0, 0x000001e916c58400, 0x000001e916c59840, 0x000001e916c58e20,
0x000001e915f202e0, 0x000001e9162466c0, 0x000001e916c54c50, 0x000001e91624ada0,
0x000001e916c53810, 0x000001e916c55b80, 0x000001e915f1f8c0, 0x000001e915f21c30,
0x000001e9157e9680, 0x000001e9157e8c60, 0x000001e9157eec90, 0x000001e9157ea0a0,
0x000001e9157ed340, 0x000001e9157ee780, 0x000001e9157ebf00, 0x000001e9157ee270,
0x000001e9157eafd0, 0x000001e9157efbc0, 0x000001e9157ece30, 0x000001e9157eb4e0,
0x000001e9157e9b90, 0x000001e9157ec410, 0x000001e9157edd60, 0x000001e9157f05e0,
0x000001e9162461b0, 0x000001e9157eaac0, 0x000001e9157ec920, 0x000001e9157e9170,
0x000001e916248a30, 0x000001e9157f00d0, 0x000001e9157ed850, 0x000001e916c53300,
0x000001e91505c760, 0x000001e91505b830, 0x000001e91505a3f0, 0x000001e915058590,
0x000001e91505e0b0, 0x000001e91505ead0, 0x000001e915058aa0, 0x000001e91505c250,
0x000001e91505b320, 0x000001e91505e5c0, 0x000001e915058080, 0x000001e91505fa00,
0x000001e91505f4f0, 0x000001e91505bd40, 0x000001e9150599d0, 0x000001e91505dba0,
0x000001e9157ea5b0, 0x000001e915f20d00, 0x000001e91505d180, 0x000001e915059ee0,
0x000001e91505d690, 0x000001e916c56090, 0x000001e915f207f0, 0x000001e916c56ab0,
0x000001e91624a380, 0x000001e9173f8640, 0x000001e9173fbdf0, 0x000001e9173fa9b0,
0x000001e9173f9570, 0x000001e9173f5dc0, 0x000001e9173fb8e0, 0x000001e9173faec0,
0x000001e9173f7200, 0x000001e9173fa4a0, 0x000001e9173f9060, 0x000001e9173f62d0,
0x000001e9173f6cf0, 0x000001e9173f7710, 0x000001e9173f7c20, 0x000001e9173fc810,
0x000001e9173f8130, 0x000001e9173fcd20, 0x000001e9173f67e0, 0x000001e9173fd230,
0x000001e91505cc70, 0x000001e9157ef1a0, 0x000001e9173fd740, 0x000001e9157eb9f0,
0x000001e9173f9f90, 0x000001e915058fb0, 0x000001e91505efe0, 0x000001e97f98ca40,
0x000001e97f987940, 0x000001e97f986f20, 0x000001e97f98b0f0, 0x000001e97f98c530,
0x000001e97f98a1c0, 0x000001e97f98c020, 0x000001e97f985ae0, 0x000001e97f98a6d0,
0x000001e97f987e50, 0x000001e97f988360, 0x000001e97f986a10, 0x000001e97f988d80,
0x000001e9173fc300, 0x000001e97f988870, 0x000001e97f9897a0, 0x000001e97f9855d0,
0x000001e97f985ff0, 0x000001e9173f8b50, 0x000001e916249960, 0x000001e97f989cb0,
0x000001e9173fb3d0, 0x000001e915f21720, 0x000001e916c528e0, 0x000001e97fb514e0,
0x000001e97fb4dd30, 0x000001e97fb4aa90, 0x000001e97fb4afa0, 0x000001e97fb4bed0,
0x000001e97fb519f0, 0x000001e97fb4ec60, 0x000001e97fb51f00
}

Java Threads: ( => current thread )
  0x000001e97489b930 JavaThread "main" [_thread_blocked, id=60724, stack(0x0000006448d00000,0x0000006448e00000)]
  0x000001e97ef2af90 JavaThread "Reference Handler" daemon [_thread_blocked, id=64400, stack(0x0000006449400000,0x0000006449500000)]
  0x000001e97ef2cfb0 JavaThread "Finalizer" daemon [_thread_blocked, id=59276, stack(0x0000006449500000,0x0000006449600000)]
  0x000001e97ef5cbb0 JavaThread "Signal Dispatcher" daemon [_thread_blocked, id=8244, stack(0x0000006449600000,0x0000006449700000)]
  0x000001e97ef5d480 JavaThread "Attach Listener" daemon [_thread_blocked, id=4076, stack(0x0000006449700000,0x0000006449800000)]
  0x000001e97ef5dd50 JavaThread "Service Thread" daemon [_thread_blocked, id=5088, stack(0x0000006449800000,0x0000006449900000)]
  0x000001e97ef5e620 JavaThread "Monitor Deflation Thread" daemon [_thread_blocked, id=5104, stack(0x0000006449900000,0x0000006449a00000)]
  0x000001e97efa6df0 JavaThread "C2 CompilerThread0" daemon [_thread_blocked, id=8896, stack(0x0000006449a00000,0x0000006449b00000)]
  0x000001e97efa7700 JavaThread "C1 CompilerThread0" daemon [_thread_blocked, id=7464, stack(0x0000006449b00000,0x0000006449c00000)]
  0x000001e97efba7e0 JavaThread "Sweeper thread" daemon [_thread_blocked, id=7116, stack(0x0000006449c00000,0x0000006449d00000)]
  0x000001e97f110270 JavaThread "Notification Thread" daemon [_thread_blocked, id=9628, stack(0x0000006449d00000,0x0000006449e00000)]
  0x000001e97f13e030 JavaThread "Common-Cleaner" daemon [_thread_blocked, id=7008, stack(0x0000006449f00000,0x000000644a000000)]
  0x000001e97fc11780 JavaThread "ReaderThread" [_thread_blocked, id=55316, stack(0x000000644a100000,0x000000644a200000)]
  0x000001e915f1fdd0 JavaThread "HttpClient-2-SelectorManager" daemon [_thread_in_native, id=63768, stack(0x000000644a600000,0x000000644a700000)]
  0x000001e91624cc00 JavaThread "HttpClient-6-SelectorManager" daemon [_thread_in_native, id=23648, stack(0x000000644b200000,0x000000644b300000)]
  0x000001e9162475f0 JavaThread "HttpClient-8-SelectorManager" daemon [_thread_in_native, id=64724, stack(0x000000644b400000,0x000000644b500000)]
  0x000001e91624b2b0 JavaThread "HttpClient-10-SelectorManager" daemon [_thread_in_native, id=38928, stack(0x000000644b600000,0x000000644b700000)]
  0x000001e91624c6f0 JavaThread "HttpClient-14-SelectorManager" daemon [_thread_in_native, id=59328, stack(0x0000006448c00000,0x0000006448d00000)]
  0x000001e916248f40 JavaThread "HttpClient-20-SelectorManager" daemon [_thread_in_native, id=65964, stack(0x000000644b500000,0x000000644b600000)]
  0x000001e91624bcd0 JavaThread "HttpClient-22-SelectorManager" daemon [_thread_in_native, id=63720, stack(0x000000644b100000,0x000000644b200000)]
  0x000001e9162470e0 JavaThread "HttpClient-24-SelectorManager" daemon [_thread_in_native, id=66556, stack(0x000000644b700000,0x000000644b800000)]
  0x000001e916249450 JavaThread "HttpClient-28-SelectorManager" daemon [_thread_in_native, id=66144, stack(0x0000006448a00000,0x0000006448b00000)]
  0x000001e91624c1e0 JavaThread "HttpClient-32-SelectorManager" daemon [_thread_in_native, id=34664, stack(0x000000644b900000,0x000000644ba00000)]
  0x000001e916247b00 JavaThread "HttpClient-36-SelectorManager" daemon [_thread_in_native, id=54316, stack(0x000000644ba00000,0x000000644bb00000)]
  0x000001e91624d620 JavaThread "HttpClient-38-SelectorManager" daemon [_thread_in_native, id=65404, stack(0x000000644b800000,0x000000644b900000)]
  0x000001e91624a890 JavaThread "HttpClient-40-SelectorManager" daemon [_thread_in_native, id=64268, stack(0x000000644bb00000,0x000000644bc00000)]
  0x000001e916248010 JavaThread "HttpClient-42-SelectorManager" daemon [_thread_in_native, id=16652, stack(0x000000644bc00000,0x000000644bd00000)]
  0x000001e915f22b60 JavaThread "HttpClient-44-SelectorManager" daemon [_thread_in_native, id=65532, stack(0x000000644bd00000,0x000000644be00000)]
  0x000001e916245ca0 JavaThread "HttpClient-50-SelectorManager" daemon [_thread_in_native, id=63976, stack(0x000000644c000000,0x000000644c100000)]
  0x000001e915f22140 JavaThread "HttpClient-52-SelectorManager" daemon [_thread_in_native, id=63716, stack(0x0000006448b00000,0x0000006448c00000)]
  0x000001e91624d110 JavaThread "HttpClient-54-SelectorManager" daemon [_thread_in_native, id=66204, stack(0x000000644bf00000,0x000000644c000000)]
  0x000001e915f22650 JavaThread "HttpClient-56-SelectorManager" daemon [_thread_in_native, id=60192, stack(0x000000644c100000,0x000000644c200000)]
  0x000001e91624b7c0 JavaThread "HttpClient-58-SelectorManager" daemon [_thread_in_native, id=53876, stack(0x000000644c200000,0x000000644c300000)]
  0x000001e916249e70 JavaThread "HttpClient-60-SelectorManager" daemon [_thread_in_native, id=62312, stack(0x000000644c300000,0x000000644c400000)]
  0x000001e915f21210 JavaThread "HttpClient-62-SelectorManager" daemon [_thread_in_native, id=64640, stack(0x000000644c400000,0x000000644c500000)]
  0x000001e916c55670 JavaThread "HttpClient-66-SelectorManager" daemon [_thread_in_native, id=66056, stack(0x000000644c600000,0x000000644c700000)]
  0x000001e916c57ef0 JavaThread "HttpClient-68-SelectorManager" daemon [_thread_in_native, id=58360, stack(0x000000644c800000,0x000000644c900000)]
  0x000001e916c579e0 JavaThread "HttpClient-70-SelectorManager" daemon [_thread_in_native, id=55832, stack(0x000000644ca00000,0x000000644cb00000)]
  0x000001e916c59330 JavaThread "HttpClient-74-SelectorManager" daemon [_thread_in_native, id=64876, stack(0x000000644cd00000,0x000000644ce00000)]
  0x000001e916c565a0 JavaThread "HttpClient-76-SelectorManager" daemon [_thread_in_native, id=65704, stack(0x000000644cc00000,0x000000644cd00000)]
  0x000001e916c54230 JavaThread "HttpClient-78-SelectorManager" daemon [_thread_in_native, id=63644, stack(0x000000644ce00000,0x000000644cf00000)]
  0x000001e916c574d0 JavaThread "HttpClient-80-SelectorManager" daemon [_thread_in_native, id=62284, stack(0x000000644cf00000,0x000000644d000000)]
  0x000001e916c58910 JavaThread "HttpClient-84-SelectorManager" daemon [_thread_in_native, id=54616, stack(0x000000644d100000,0x000000644d200000)]
  0x000001e916c54740 JavaThread "HttpClient-86-SelectorManager" daemon [_thread_in_native, id=61776, stack(0x000000644d000000,0x000000644d100000)]
  0x000001e916c55160 JavaThread "HttpClient-88-SelectorManager" daemon [_thread_in_native, id=66340, stack(0x000000644d200000,0x000000644d300000)]
  0x000001e916c52df0 JavaThread "HttpClient-90-SelectorManager" daemon [_thread_in_native, id=60676, stack(0x000000644d400000,0x000000644d500000)]
  0x000001e916c59d50 JavaThread "HttpClient-92-SelectorManager" daemon [_thread_in_native, id=62764, stack(0x000000644d300000,0x000000644d400000)]
  0x000001e916c53d20 JavaThread "HttpClient-94-SelectorManager" daemon [_thread_in_native, id=66396, stack(0x000000644d600000,0x000000644d700000)]
  0x000001e916c523d0 JavaThread "HttpClient-98-SelectorManager" daemon [_thread_in_native, id=59776, stack(0x000000644d800000,0x000000644d900000)]
  0x000001e916c58400 JavaThread "HttpClient-102-SelectorManager" daemon [_thread_in_native, id=63580, stack(0x000000644d900000,0x000000644da00000)]
  0x000001e916c59840 JavaThread "HttpClient-104-SelectorManager" daemon [_thread_in_native, id=64964, stack(0x000000644a900000,0x000000644aa00000)]
  0x000001e916c58e20 JavaThread "HttpClient-108-SelectorManager" daemon [_thread_in_native, id=65280, stack(0x000000644d500000,0x000000644d600000)]
  0x000001e915f202e0 JavaThread "HttpClient-110-SelectorManager" daemon [_thread_in_native, id=45096, stack(0x000000644c900000,0x000000644ca00000)]
  0x000001e9162466c0 JavaThread "HttpClient-114-SelectorManager" daemon [_thread_in_native, id=65100, stack(0x000000644d700000,0x000000644d800000)]
  0x000001e916c54c50 JavaThread "HttpClient-116-SelectorManager" daemon [_thread_in_native, id=60772, stack(0x000000644cb00000,0x000000644cc00000)]
  0x000001e91624ada0 JavaThread "HttpClient-117-SelectorManager" daemon [_thread_in_native, id=65464, stack(0x000000644aa00000,0x000000644ab00000)]
  0x000001e916c53810 JavaThread "HttpClient-118-SelectorManager" daemon [_thread_in_native, id=8072, stack(0x000000644da00000,0x000000644db00000)]
  0x000001e916c55b80 JavaThread "HttpClient-120-SelectorManager" daemon [_thread_in_native, id=62864, stack(0x000000644db00000,0x000000644dc00000)]
  0x000001e915f1f8c0 JavaThread "HttpClient-122-SelectorManager" daemon [_thread_in_native, id=61128, stack(0x000000644dd00000,0x000000644de00000)]
  0x000001e915f21c30 JavaThread "HttpClient-124-SelectorManager" daemon [_thread_in_native, id=62004, stack(0x000000644de00000,0x000000644df00000)]
  0x000001e9157e9680 JavaThread "HttpClient-126-SelectorManager" daemon [_thread_in_native, id=65656, stack(0x000000644df00000,0x000000644e000000)]
  0x000001e9157e8c60 JavaThread "HttpClient-128-SelectorManager" daemon [_thread_in_native, id=65360, stack(0x000000644e000000,0x000000644e100000)]
  0x000001e9157eec90 JavaThread "HttpClient-130-SelectorManager" daemon [_thread_in_native, id=64648, stack(0x000000644e100000,0x000000644e200000)]
  0x000001e9157ea0a0 JavaThread "HttpClient-131-SelectorManager" daemon [_thread_in_native, id=54032, stack(0x000000644ab00000,0x000000644ac00000)]
  0x000001e9157ed340 JavaThread "HttpClient-132-SelectorManager" daemon [_thread_in_native, id=61408, stack(0x000000644e200000,0x000000644e300000)]
  0x000001e9157ee780 JavaThread "HttpClient-134-SelectorManager" daemon [_thread_in_native, id=57568, stack(0x000000644e400000,0x000000644e500000)]
  0x000001e9157ebf00 JavaThread "HttpClient-138-SelectorManager" daemon [_thread_in_native, id=13088, stack(0x000000644e500000,0x000000644e600000)]
  0x000001e9157ee270 JavaThread "HttpClient-140-SelectorManager" daemon [_thread_in_native, id=65736, stack(0x000000644e600000,0x000000644e700000)]
  0x000001e9157eafd0 JavaThread "HttpClient-141-SelectorManager" daemon [_thread_in_native, id=60156, stack(0x000000644ae00000,0x000000644af00000)]
  0x000001e9157efbc0 JavaThread "HttpClient-142-SelectorManager" daemon [_thread_in_native, id=50396, stack(0x000000644e700000,0x000000644e800000)]
  0x000001e9157ece30 JavaThread "HttpClient-146-SelectorManager" daemon [_thread_in_native, id=57396, stack(0x000000644ea00000,0x000000644eb00000)]
  0x000001e9157eb4e0 JavaThread "HttpClient-148-SelectorManager" daemon [_thread_in_native, id=60624, stack(0x000000644e900000,0x000000644ea00000)]
  0x000001e9157e9b90 JavaThread "HttpClient-150-SelectorManager" daemon [_thread_in_native, id=61392, stack(0x000000644ec00000,0x000000644ed00000)]
  0x000001e9157ec410 JavaThread "HttpClient-152-SelectorManager" daemon [_thread_in_native, id=64156, stack(0x000000644eb00000,0x000000644ec00000)]
  0x000001e9157edd60 JavaThread "HttpClient-154-SelectorManager" daemon [_thread_in_native, id=59744, stack(0x000000644ed00000,0x000000644ee00000)]
  0x000001e9157f05e0 JavaThread "HttpClient-156-SelectorManager" daemon [_thread_in_native, id=58636, stack(0x000000644ee00000,0x000000644ef00000)]
  0x000001e9162461b0 JavaThread "HttpClient-159-SelectorManager" daemon [_thread_in_native, id=66536, stack(0x000000644b000000,0x000000644b100000)]
  0x000001e9157eaac0 JavaThread "HttpClient-160-SelectorManager" daemon [_thread_in_native, id=40724, stack(0x000000644f000000,0x000000644f100000)]
  0x000001e9157ec920 JavaThread "HttpClient-162-SelectorManager" daemon [_thread_in_native, id=56520, stack(0x000000644ef00000,0x000000644f000000)]
  0x000001e9157e9170 JavaThread "HttpClient-164-SelectorManager" daemon [_thread_in_native, id=66040, stack(0x000000644f200000,0x000000644f300000)]
  0x000001e916248a30 JavaThread "HttpClient-165-SelectorManager" daemon [_thread_in_native, id=60944, stack(0x000000644b300000,0x000000644b400000)]
  0x000001e9157f00d0 JavaThread "HttpClient-166-SelectorManager" daemon [_thread_in_native, id=63668, stack(0x000000644f300000,0x000000644f400000)]
  0x000001e9157ed850 JavaThread "HttpClient-170-SelectorManager" daemon [_thread_in_native, id=53312, stack(0x000000644f600000,0x000000644f700000)]
  0x000001e916c53300 JavaThread "HttpClient-172-SelectorManager" daemon [_thread_in_native, id=5424, stack(0x000000644f500000,0x000000644f600000)]
  0x000001e91505c760 JavaThread "HttpClient-178-SelectorManager" daemon [_thread_in_native, id=59992, stack(0x000000644f900000,0x000000644fa00000)]
  0x000001e91505b830 JavaThread "HttpClient-182-SelectorManager" daemon [_thread_in_native, id=64792, stack(0x000000644fa00000,0x000000644fb00000)]
  0x000001e91505a3f0 JavaThread "HttpClient-184-SelectorManager" daemon [_thread_in_native, id=64288, stack(0x000000644f800000,0x000000644f900000)]
  0x000001e915058590 JavaThread "HttpClient-188-SelectorManager" daemon [_thread_in_native, id=56344, stack(0x000000644f400000,0x000000644f500000)]
  0x000001e91505e0b0 JavaThread "HttpClient-189-SelectorManager" daemon [_thread_in_native, id=61080, stack(0x000000644ad00000,0x000000644ae00000)]
  0x000001e91505ead0 JavaThread "HttpClient-190-SelectorManager" daemon [_thread_in_native, id=61540, stack(0x000000644f700000,0x000000644f800000)]
  0x000001e915058aa0 JavaThread "HttpClient-193-SelectorManager" daemon [_thread_in_native, id=10484, stack(0x000000644c500000,0x000000644c600000)]
  0x000001e91505c250 JavaThread "HttpClient-194-SelectorManager" daemon [_thread_in_native, id=39336, stack(0x000000644fd00000,0x000000644fe00000)]
  0x000001e91505b320 JavaThread "HttpClient-196-SelectorManager" daemon [_thread_in_native, id=65576, stack(0x000000644fc00000,0x000000644fd00000)]
  0x000001e91505e5c0 JavaThread "HttpClient-197-SelectorManager" daemon [_thread_in_native, id=64836, stack(0x000000644c700000,0x000000644c800000)]
  0x000001e915058080 JavaThread "HttpClient-198-SelectorManager" daemon [_thread_in_native, id=63280, stack(0x000000644ff00000,0x0000006450000000)]
  0x000001e91505fa00 JavaThread "HttpClient-200-SelectorManager" daemon [_thread_in_native, id=58756, stack(0x0000006450000000,0x0000006450100000)]
  0x000001e91505f4f0 JavaThread "HttpClient-202-SelectorManager" daemon [_thread_in_native, id=65328, stack(0x0000006450200000,0x0000006450300000)]
  0x000001e91505bd40 JavaThread "HttpClient-203-SelectorManager" daemon [_thread_in_native, id=63320, stack(0x000000644a700000,0x000000644a800000)]
  0x000001e9150599d0 JavaThread "HttpClient-204-SelectorManager" daemon [_thread_in_native, id=61504, stack(0x0000006450300000,0x0000006450400000)]
  0x000001e91505dba0 JavaThread "HttpClient-206-SelectorManager" daemon [_thread_in_native, id=64756, stack(0x0000006450400000,0x0000006450500000)]
  0x000001e9157ea5b0 JavaThread "HttpClient-208-SelectorManager" daemon [_thread_in_native, id=63176, stack(0x0000006450600000,0x0000006450700000)]
  0x000001e915f20d00 JavaThread "HttpClient-209-SelectorManager" daemon [_thread_in_native, id=24004, stack(0x000000644dc00000,0x000000644dd00000)]
  0x000001e91505d180 JavaThread "HttpClient-210-SelectorManager" daemon [_thread_in_native, id=62196, stack(0x0000006450700000,0x0000006450800000)]
  0x000001e915059ee0 JavaThread "HttpClient-212-SelectorManager" daemon [_thread_in_native, id=66100, stack(0x0000006450800000,0x0000006450900000)]
  0x000001e91505d690 JavaThread "HttpClient-214-SelectorManager" daemon [_thread_in_native, id=10004, stack(0x0000006450a00000,0x0000006450b00000)]
  0x000001e916c56090 JavaThread "HttpClient-216-SelectorManager" daemon [_thread_in_native, id=12980, stack(0x0000006450b00000,0x0000006450c00000)]
  0x000001e915f207f0 JavaThread "HttpClient-218-SelectorManager" daemon [_thread_in_native, id=62876, stack(0x0000006450c00000,0x0000006450d00000)]
  0x000001e916c56ab0 JavaThread "HttpClient-220-SelectorManager" daemon [_thread_in_native, id=62824, stack(0x0000006450d00000,0x0000006450e00000)]
  0x000001e91624a380 JavaThread "HttpClient-222-SelectorManager" daemon [_thread_in_native, id=61672, stack(0x0000006450e00000,0x0000006450f00000)]
  0x000001e9173f8640 JavaThread "HttpClient-224-SelectorManager" daemon [_thread_in_native, id=57420, stack(0x0000006451000000,0x0000006451100000)]
  0x000001e9173fbdf0 JavaThread "HttpClient-226-SelectorManager" daemon [_thread_in_native, id=57540, stack(0x0000006451100000,0x0000006451200000)]
  0x000001e9173fa9b0 JavaThread "HttpClient-228-SelectorManager" daemon [_thread_in_native, id=57804, stack(0x0000006450f00000,0x0000006451000000)]
  0x000001e9173f9570 JavaThread "HttpClient-230-SelectorManager" daemon [_thread_in_native, id=61204, stack(0x0000006451200000,0x0000006451300000)]
  0x000001e9173f5dc0 JavaThread "HttpClient-234-SelectorManager" daemon [_thread_in_native, id=56792, stack(0x0000006451400000,0x0000006451500000)]
  0x000001e9173fb8e0 JavaThread "HttpClient-236-SelectorManager" daemon [_thread_in_native, id=64352, stack(0x0000006451300000,0x0000006451400000)]
  0x000001e9173faec0 JavaThread "HttpClient-238-SelectorManager" daemon [_thread_in_native, id=54556, stack(0x0000006451500000,0x0000006451600000)]
  0x000001e9173f7200 JavaThread "HttpClient-240-SelectorManager" daemon [_thread_in_native, id=45220, stack(0x0000006451600000,0x0000006451700000)]
  0x000001e9173fa4a0 JavaThread "HttpClient-246-SelectorManager" daemon [_thread_in_native, id=56492, stack(0x0000006451700000,0x0000006451800000)]
  0x000001e9173f9060 JavaThread "HttpClient-248-SelectorManager" daemon [_thread_in_native, id=59448, stack(0x0000006451800000,0x0000006451900000)]
  0x000001e9173f62d0 JavaThread "HttpClient-250-SelectorManager" daemon [_thread_in_native, id=65764, stack(0x0000006451900000,0x0000006451a00000)]
  0x000001e9173f6cf0 JavaThread "HttpClient-252-SelectorManager" daemon [_thread_in_native, id=65840, stack(0x0000006451a00000,0x0000006451b00000)]
  0x000001e9173f7710 JavaThread "HttpClient-254-SelectorManager" daemon [_thread_in_native, id=38028, stack(0x0000006451b00000,0x0000006451c00000)]
  0x000001e9173f7c20 JavaThread "HttpClient-256-SelectorManager" daemon [_thread_in_native, id=35372, stack(0x0000006451c00000,0x0000006451d00000)]
  0x000001e9173fc810 JavaThread "HttpClient-258-SelectorManager" daemon [_thread_in_native, id=66524, stack(0x0000006451d00000,0x0000006451e00000)]
  0x000001e9173f8130 JavaThread "HttpClient-262-SelectorManager" daemon [_thread_in_native, id=66824, stack(0x0000006452000000,0x0000006452100000)]
  0x000001e9173fcd20 JavaThread "HttpClient-266-SelectorManager" daemon [_thread_in_native, id=67328, stack(0x0000006451f00000,0x0000006452000000)]
  0x000001e9173f67e0 JavaThread "HttpClient-268-SelectorManager" daemon [_thread_in_native, id=66980, stack(0x0000006451e00000,0x0000006451f00000)]
  0x000001e9173fd230 JavaThread "HttpClient-270-SelectorManager" daemon [_thread_in_native, id=67528, stack(0x0000006452100000,0x0000006452200000)]
  0x000001e91505cc70 JavaThread "HttpClient-274-SelectorManager" daemon [_thread_in_native, id=65376, stack(0x0000006452200000,0x0000006452300000)]
  0x000001e9157ef1a0 JavaThread "HttpClient-276-SelectorManager" daemon [_thread_in_native, id=34624, stack(0x0000006452300000,0x0000006452400000)]
  0x000001e9173fd740 JavaThread "HttpClient-279-SelectorManager" daemon [_thread_in_native, id=67012, stack(0x000000644e300000,0x000000644e400000)]
  0x000001e9157eb9f0 JavaThread "HttpClient-280-SelectorManager" daemon [_thread_in_native, id=64304, stack(0x0000006452500000,0x0000006452600000)]
  0x000001e9173f9f90 JavaThread "HttpClient-281-SelectorManager" daemon [_thread_in_native, id=67084, stack(0x000000644e800000,0x000000644e900000)]
  0x000001e915058fb0 JavaThread "HttpClient-282-SelectorManager" daemon [_thread_in_native, id=59384, stack(0x0000006452400000,0x0000006452500000)]
  0x000001e91505efe0 JavaThread "HttpClient-284-SelectorManager" daemon [_thread_in_native, id=67168, stack(0x0000006452700000,0x0000006452800000)]
  0x000001e97f98ca40 JavaThread "HttpClient-286-SelectorManager" daemon [_thread_in_native, id=23784, stack(0x0000006452900000,0x0000006452a00000)]
  0x000001e97f987940 JavaThread "HttpClient-288-SelectorManager" daemon [_thread_in_native, id=49340, stack(0x0000006452a00000,0x0000006452b00000)]
  0x000001e97f986f20 JavaThread "HttpClient-290-SelectorManager" daemon [_thread_in_native, id=62380, stack(0x0000006452b00000,0x0000006452c00000)]
  0x000001e97f98b0f0 JavaThread "HttpClient-292-SelectorManager" daemon [_thread_in_native, id=57788, stack(0x0000006452c00000,0x0000006452d00000)]
  0x000001e97f98c530 JavaThread "HttpClient-294-SelectorManager" daemon [_thread_in_native, id=66864, stack(0x0000006452d00000,0x0000006452e00000)]
  0x000001e97f98a1c0 JavaThread "HttpClient-295-SelectorManager" daemon [_thread_in_native, id=8860, stack(0x000000644f100000,0x000000644f200000)]
  0x000001e97f98c020 JavaThread "HttpClient-296-SelectorManager" daemon [_thread_in_native, id=64684, stack(0x0000006452e00000,0x0000006452f00000)]
  0x000001e97f985ae0 JavaThread "HttpClient-298-SelectorManager" daemon [_thread_in_native, id=62248, stack(0x0000006452f00000,0x0000006453000000)]
  0x000001e97f98a6d0 JavaThread "HttpClient-300-SelectorManager" daemon [_thread_in_native, id=66888, stack(0x0000006453100000,0x0000006453200000)]
  0x000001e97f987e50 JavaThread "HttpClient-303-SelectorManager" daemon [_thread_in_native, id=66184, stack(0x000000644fe00000,0x000000644ff00000)]
  0x000001e97f988360 JavaThread "HttpClient-304-SelectorManager" daemon [_thread_in_native, id=57404, stack(0x0000006453200000,0x0000006453300000)]
  0x000001e97f986a10 JavaThread "HttpClient-308-SelectorManager" daemon [_thread_in_native, id=67208, stack(0x0000006453500000,0x0000006453600000)]
  0x000001e97f988d80 JavaThread "HttpClient-310-SelectorManager" daemon [_thread_blocked, id=67104, stack(0x0000006453400000,0x0000006453500000)]
  0x000001e9173fc300 JavaThread "HttpClient-313-SelectorManager" daemon [_thread_in_native, id=62344, stack(0x000000644fb00000,0x000000644fc00000)]
  0x000001e97f988870 JavaThread "HttpClient-314-SelectorManager" daemon [_thread_in_native, id=63332, stack(0x0000006453800000,0x0000006453900000)]
  0x000001e97f9897a0 JavaThread "HttpClient-318-SelectorManager" daemon [_thread_in_native, id=66844, stack(0x0000006453900000,0x0000006453a00000)]
  0x000001e97f9855d0 JavaThread "HttpClient-321-SelectorManager" daemon [_thread_in_native, id=65308, stack(0x0000006450500000,0x0000006450600000)]
  0x000001e97f985ff0 JavaThread "HttpClient-322-SelectorManager" daemon [_thread_in_native, id=66964, stack(0x0000006453700000,0x0000006453800000)]
  0x000001e9173f8b50 JavaThread "HttpClient-324-SelectorManager" daemon [_thread_in_native, id=63316, stack(0x0000006453a00000,0x0000006453b00000)]
  0x000001e916249960 JavaThread "HttpClient-326-SelectorManager" daemon [_thread_in_native, id=64936, stack(0x0000006453c00000,0x0000006453d00000)]
  0x000001e97f989cb0 JavaThread "HttpClient-327-SelectorManager" daemon [_thread_in_native, id=60168, stack(0x0000006450100000,0x0000006450200000)]
  0x000001e9173fb3d0 JavaThread "HttpClient-328-SelectorManager" daemon [_thread_in_native, id=62556, stack(0x0000006453d00000,0x0000006453e00000)]
  0x000001e915f21720 JavaThread "HttpClient-330-SelectorManager" daemon [_thread_in_native, id=53708, stack(0x0000006453e00000,0x0000006453f00000)]
  0x000001e916c528e0 JavaThread "HttpClient-334-SelectorManager" daemon [_thread_in_native, id=67036, stack(0x0000006454100000,0x0000006454200000)]
  0x000001e97fb514e0 JavaThread "HttpClient-336-SelectorManager" daemon [_thread_in_native, id=64972, stack(0x0000006454000000,0x0000006454100000)]
  0x000001e97fb4dd30 JavaThread "ForkJoinPool.commonPool-worker-3" daemon [_thread_blocked, id=67616, stack(0x000000644be00000,0x000000644bf00000)]
  0x000001e97fb4aa90 JavaThread "UrlChecker-4" daemon [_thread_blocked, id=67644, stack(0x0000006453f00000,0x0000006454000000)]
  0x000001e97fb4afa0 JavaThread "HttpClient-339-SelectorManager" daemon [_thread_in_native, id=67236, stack(0x000000644ac00000,0x000000644ad00000)]
  0x000001e97fb4bed0 JavaThread "pool-339-thread-1" [_thread_blocked, id=65252, stack(0x0000006453000000,0x0000006453100000)]
  0x000001e97fb519f0 JavaThread "pool-339-thread-2" [_thread_blocked, id=66892, stack(0x0000006453600000,0x0000006453700000)]
  0x000001e97fb4ec60 JavaThread "HttpClient-340-SelectorManager" daemon [_thread_in_native, id=68408, stack(0x0000006454200000,0x0000006454300000)]
  0x000001e97fb51f00 JavaThread "pool-339-thread-3" [_thread_blocked, id=50680, stack(0x0000006454600000,0x0000006454700000)]

Other Threads:
=>0x000001e97ef28ab0 VMThread "VM Thread" [stack: 0x0000006449300000,0x0000006449400000] [id=62916]
  0x000001e97f048b10 WatcherThread [stack: 0x0000006449e00000,0x0000006449f00000] [id=56468]
  0x000001e9748f5260 GCTaskThread "GC Thread#0" [stack: 0x0000006448e00000,0x0000006448f00000] [id=11272]
  0x000001e9152e4400 GCTaskThread "GC Thread#1" [stack: 0x000000644a200000,0x000000644a300000] [id=61364]
  0x000001e9152e46c0 GCTaskThread "GC Thread#2" [stack: 0x000000644a300000,0x000000644a400000] [id=51152]
  0x000001e9152e4980 GCTaskThread "GC Thread#3" [stack: 0x000000644a400000,0x000000644a500000] [id=61148]
  0x000001e974905e00 ConcurrentGCThread "G1 Main Marker" [stack: 0x0000006448f00000,0x0000006449000000] [id=60852]
  0x000001e974906730 ConcurrentGCThread "G1 Conc#0" [stack: 0x0000006449000000,0x0000006449100000] [id=63012]
  0x000001e97ed964e0 ConcurrentGCThread "G1 Refine#0" [stack: 0x0000006449100000,0x0000006449200000] [id=63616]
  0x000001e9151be070 ConcurrentGCThread "G1 Refine#1" [stack: 0x000000644a500000,0x000000644a600000] [id=12420]
  0x000001e97ed97e30 ConcurrentGCThread "G1 Service" [stack: 0x0000006449200000,0x0000006449300000] [id=28900]

Threads with active compile tasks:

VM state: at safepoint (normal execution)

VM Mutex/Monitor currently owned by a thread:  ([mutex/lock_event])
[0x000001e974894e60] Threads_lock - owner thread: 0x000001e97ef28ab0
[0x000001e974895760] Heap_lock - owner thread: 0x000001e97489b930

Heap address: 0x0000000081600000, size: 2026 MB, Compressed Oops mode: 32-bit

CDS archive(s) not mapped
Compressed class space mapped at: 0x0000000100000000-0x0000000140000000, reserved size: 1073741824
Narrow klass base: 0x0000000000000000, Narrow klass shift: 3, Narrow klass range: 0x140000000

GC Precious Log:
 CPUs: 4 total, 4 available
 Memory: 8098M
 Large Page Support: Disabled
 NUMA Support: Disabled
 Compressed Oops: Enabled (32-bit)
 Heap Region Size: 1M
 Heap Min Capacity: 8M
 Heap Initial Capacity: 128M
 Heap Max Capacity: 2026M
 Pre-touch: Disabled
 Parallel Workers: 4
 Concurrent Workers: 1
 Concurrent Refinement Workers: 4
 Periodic GC: Disabled

Heap:
 garbage-first heap   total 75776K, used 47591K [0x0000000081600000, 0x0000000100000000)
  region size 1024K, 1 young (1024K), 1 survivors (1024K)
 Metaspace       used 43452K, committed 43904K, reserved 1114112K
  class space    used 4631K, committed 4864K, reserved 1048576K

Heap Regions: E=young(eden), S=young(survivor), O=old, HS=humongous(starts), HC=humongous(continues), CS=collection set, F=free, OA=open archive, CA=closed archive, TAMS=top-at-mark-start (previous, next)
|   0|0x0000000081600000, 0x0000000081700000, 0x0000000081700000|100%|HS|  |TAMS 0x0000000081700000, 0x0000000081600000| Complete 
|   1|0x0000000081700000, 0x0000000081800000, 0x0000000081800000|100%| O|  |TAMS 0x0000000081800000, 0x0000000081700000| Untracked 
|   2|0x0000000081800000, 0x0000000081900000, 0x0000000081900000|100%| O|  |TAMS 0x0000000081900000, 0x0000000081800000| Untracked 
|   3|0x0000000081900000, 0x0000000081a00000, 0x0000000081a00000|100%| O|  |TAMS 0x0000000081a00000, 0x0000000081900000| Untracked 
|   4|0x0000000081a00000, 0x0000000081b00000, 0x0000000081b00000|100%| O|  |TAMS 0x0000000081b00000, 0x0000000081a00000| Untracked 
|   5|0x0000000081b00000, 0x0000000081c00000, 0x0000000081c00000|100%| O|  |TAMS 0x0000000081c00000, 0x0000000081b00000| Untracked 
|   6|0x0000000081c00000, 0x0000000081d00000, 0x0000000081d00000|100%| O|  |TAMS 0x0000000081d00000, 0x0000000081c00000| Untracked 
|   7|0x0000000081d00000, 0x0000000081e00000, 0x0000000081e00000|100%| O|  |TAMS 0x0000000081e00000, 0x0000000081d00000| Untracked 
|   8|0x0000000081e00000, 0x0000000081f00000, 0x0000000081f00000|100%| O|  |TAMS 0x0000000081f00000, 0x0000000081e00000| Untracked 
|   9|0x0000000081f00000, 0x0000000082000000, 0x0000000082000000|100%| O|  |TAMS 0x0000000082000000, 0x0000000081f00000| Untracked 
|  10|0x0000000082000000, 0x0000000082100000, 0x0000000082100000|100%| O|  |TAMS 0x0000000082100000, 0x0000000082000000| Untracked 
|  11|0x0000000082100000, 0x0000000082200000, 0x0000000082200000|100%| O|  |TAMS 0x0000000082200000, 0x0000000082100000| Untracked 
|  12|0x0000000082200000, 0x0000000082300000, 0x0000000082300000|100%| O|  |TAMS 0x0000000082300000, 0x0000000082200000| Untracked 
|  13|0x0000000082300000, 0x0000000082400000, 0x0000000082400000|100%| O|  |TAMS 0x0000000082400000, 0x0000000082300000| Untracked 
|  14|0x0000000082400000, 0x0000000082500000, 0x0000000082500000|100%| O|  |TAMS 0x0000000082500000, 0x0000000082400000| Untracked 
|  15|0x0000000082500000, 0x0000000082600000, 0x0000000082600000|100%| O|  |TAMS 0x0000000082600000, 0x0000000082500000| Untracked 
|  16|0x0000000082600000, 0x0000000082700000, 0x0000000082700000|100%| O|  |TAMS 0x0000000082700000, 0x0000000082600000| Untracked 
|  17|0x0000000082700000, 0x0000000082800000, 0x0000000082800000|100%| O|  |TAMS 0x0000000082800000, 0x0000000082700000| Untracked 
|  18|0x0000000082800000, 0x0000000082900000, 0x0000000082900000|100%| O|  |TAMS 0x0000000082900000, 0x0000000082800000| Untracked 
|  19|0x0000000082900000, 0x0000000082a00000, 0x0000000082a00000|100%| O|  |TAMS 0x0000000082a00000, 0x0000000082900000| Untracked 
|  20|0x0000000082a00000, 0x0000000082b00000, 0x0000000082b00000|100%| O|  |TAMS 0x0000000082b00000, 0x0000000082a00000| Untracked 
|  21|0x0000000082b00000, 0x0000000082c00000, 0x0000000082c00000|100%| O|  |TAMS 0x0000000082b00000, 0x0000000082b00000| Untracked 
|  22|0x0000000082c00000, 0x0000000082d00000, 0x0000000082d00000|100%| O|  |TAMS 0x0000000082d00000, 0x0000000082c00000| Untracked 
|  23|0x0000000082d00000, 0x0000000082e00000, 0x0000000082e00000|100%| O|  |TAMS 0x0000000082e00000, 0x0000000082d00000| Untracked 
|  24|0x0000000082e00000, 0x0000000082f00000, 0x0000000082f00000|100%| O|  |TAMS 0x0000000082f00000, 0x0000000082e00000| Untracked 
|  25|0x0000000082f00000, 0x0000000083000000, 0x0000000083000000|100%| O|  |TAMS 0x0000000083000000, 0x0000000082f00000| Untracked 
|  26|0x0000000083000000, 0x0000000083100000, 0x0000000083100000|100%| O|  |TAMS 0x0000000083100000, 0x0000000083000000| Untracked 
|  27|0x0000000083100000, 0x0000000083200000, 0x0000000083200000|100%| O|  |TAMS 0x0000000083200000, 0x0000000083100000| Untracked 
|  28|0x0000000083200000, 0x0000000083300000, 0x0000000083300000|100%| O|  |TAMS 0x0000000083300000, 0x0000000083200000| Untracked 
|  29|0x0000000083300000, 0x0000000083400000, 0x0000000083400000|100%| O|  |TAMS 0x0000000083336200, 0x0000000083300000| Untracked 
|  30|0x0000000083400000, 0x0000000083500000, 0x0000000083500000|100%| O|  |TAMS 0x0000000083400000, 0x0000000083400000| Untracked 
|  31|0x0000000083500000, 0x0000000083600000, 0x0000000083600000|100%| O|  |TAMS 0x0000000083500000, 0x0000000083500000| Untracked 
|  32|0x0000000083600000, 0x0000000083700000, 0x0000000083700000|100%| O|  |TAMS 0x0000000083600000, 0x0000000083600000| Untracked 
|  33|0x0000000083700000, 0x0000000083800000, 0x0000000083800000|100%| O|  |TAMS 0x0000000083700000, 0x0000000083700000| Untracked 
|  34|0x0000000083800000, 0x0000000083900000, 0x0000000083900000|100%| O|  |TAMS 0x0000000083800000, 0x0000000083800000| Untracked 
|  35|0x0000000083900000, 0x0000000083a00000, 0x0000000083a00000|100%| O|  |TAMS 0x0000000083900000, 0x0000000083900000| Untracked 
|  36|0x0000000083a00000, 0x0000000083b00000, 0x0000000083b00000|100%| O|  |TAMS 0x0000000083a00000, 0x0000000083a00000| Untracked 
|  37|0x0000000083b00000, 0x0000000083c00000, 0x0000000083c00000|100%| O|  |TAMS 0x0000000083b00000, 0x0000000083b00000| Untracked 
|  38|0x0000000083c00000, 0x0000000083d00000, 0x0000000083d00000|100%| O|  |TAMS 0x0000000083c00000, 0x0000000083c00000| Untracked 
|  39|0x0000000083d00000, 0x0000000083e00000, 0x0000000083e00000|100%| O|  |TAMS 0x0000000083d00000, 0x0000000083d00000| Untracked 
|  40|0x0000000083e00000, 0x0000000083f00000, 0x0000000083f00000|100%| O|  |TAMS 0x0000000083e00000, 0x0000000083e00000| Untracked 
|  41|0x0000000083f00000, 0x0000000084000000, 0x0000000084000000|100%| O|  |TAMS 0x0000000083f00000, 0x0000000083f00000| Untracked 
|  42|0x0000000084000000, 0x0000000084100000, 0x0000000084100000|100%| O|  |TAMS 0x0000000084000000, 0x0000000084000000| Untracked 
|  43|0x0000000084100000, 0x0000000084200000, 0x0000000084200000|100%| O|  |TAMS 0x0000000084100000, 0x0000000084100000| Untracked 
|  44|0x0000000084200000, 0x0000000084300000, 0x0000000084300000|100%| O|  |TAMS 0x0000000084200000, 0x0000000084200000| Untracked 
|  45|0x0000000084300000, 0x00000000843b1a00, 0x0000000084400000| 69%| O|  |TAMS 0x0000000084300000, 0x0000000084300000| Untracked 
|  46|0x0000000084400000, 0x0000000084400000, 0x0000000084500000|  0%| F|  |TAMS 0x0000000084400000, 0x0000000084400000| Untracked 
|  47|0x0000000084500000, 0x0000000084500000, 0x0000000084600000|  0%| F|  |TAMS 0x0000000084500000, 0x0000000084500000| Untracked 
|  48|0x0000000084600000, 0x0000000084600000, 0x0000000084700000|  0%| F|  |TAMS 0x0000000084600000, 0x0000000084600000| Untracked 
|  49|0x0000000084700000, 0x0000000084700000, 0x0000000084800000|  0%| F|  |TAMS 0x0000000084700000, 0x0000000084700000| Untracked 
|  50|0x0000000084800000, 0x0000000084800000, 0x0000000084900000|  0%| F|  |TAMS 0x0000000084800000, 0x0000000084800000| Untracked 
|  51|0x0000000084900000, 0x0000000084900000, 0x0000000084a00000|  0%| F|  |TAMS 0x0000000084900000, 0x0000000084900000| Untracked 
|  52|0x0000000084a00000, 0x0000000084a00000, 0x0000000084b00000|  0%| F|  |TAMS 0x0000000084a00000, 0x0000000084a00000| Untracked 
|  53|0x0000000084b00000, 0x0000000084b00000, 0x0000000084c00000|  0%| F|  |TAMS 0x0000000084b00000, 0x0000000084b00000| Untracked 
|  54|0x0000000084c00000, 0x0000000084c00000, 0x0000000084d00000|  0%| F|  |TAMS 0x0000000084c00000, 0x0000000084c00000| Untracked 
|  55|0x0000000084d00000, 0x0000000084d00000, 0x0000000084e00000|  0%| F|  |TAMS 0x0000000084d00000, 0x0000000084d00000| Untracked 
|  56|0x0000000084e00000, 0x0000000084e00000, 0x0000000084f00000|  0%| F|  |TAMS 0x0000000084e00000, 0x0000000084e00000| Untracked 
|  57|0x0000000084f00000, 0x0000000084fc85f0, 0x0000000085000000| 78%| S|CS|TAMS 0x0000000084f00000, 0x0000000084f00000| Complete 
|  58|0x0000000085000000, 0x0000000085000000, 0x0000000085100000|  0%| F|  |TAMS 0x0000000085000000, 0x0000000085000000| Untracked 
|  59|0x0000000085100000, 0x0000000085100000, 0x0000000085200000|  0%| F|  |TAMS 0x0000000085100000, 0x0000000085100000| Untracked 
|  60|0x0000000085200000, 0x0000000085200000, 0x0000000085300000|  0%| F|  |TAMS 0x0000000085200000, 0x0000000085200000| Untracked 
|  61|0x0000000085300000, 0x0000000085300000, 0x0000000085400000|  0%| F|  |TAMS 0x0000000085300000, 0x0000000085300000| Untracked 
|  62|0x0000000085400000, 0x0000000085400000, 0x0000000085500000|  0%| F|  |TAMS 0x0000000085400000, 0x0000000085400000| Untracked 
|  63|0x0000000085500000, 0x0000000085500000, 0x0000000085600000|  0%| F|  |TAMS 0x0000000085500000, 0x0000000085500000| Untracked 
|  64|0x0000000085600000, 0x0000000085600000, 0x0000000085700000|  0%| F|  |TAMS 0x0000000085600000, 0x0000000085600000| Untracked 
|  65|0x0000000085700000, 0x0000000085700000, 0x0000000085800000|  0%| F|  |TAMS 0x0000000085700000, 0x0000000085700000| Untracked 
|  66|0x0000000085800000, 0x0000000085800000, 0x0000000085900000|  0%| F|  |TAMS 0x0000000085800000, 0x0000000085800000| Untracked 
|  67|0x0000000085900000, 0x0000000085900000, 0x0000000085a00000|  0%| F|  |TAMS 0x0000000085900000, 0x0000000085900000| Untracked 
|  68|0x0000000085a00000, 0x0000000085a00000, 0x0000000085b00000|  0%| F|  |TAMS 0x0000000085a00000, 0x0000000085a00000| Untracked 
|  69|0x0000000085b00000, 0x0000000085b00000, 0x0000000085c00000|  0%| F|  |TAMS 0x0000000085b00000, 0x0000000085b00000| Untracked 
|  70|0x0000000085c00000, 0x0000000085c00000, 0x0000000085d00000|  0%| F|  |TAMS 0x0000000085c00000, 0x0000000085c00000| Untracked 
| 110|0x0000000088400000, 0x0000000088400000, 0x0000000088500000|  0%| F|  |TAMS 0x0000000088400000, 0x0000000088400000| Untracked 
| 111|0x0000000088500000, 0x0000000088500000, 0x0000000088600000|  0%| F|  |TAMS 0x0000000088500000, 0x0000000088500000| Untracked 
| 127|0x0000000089500000, 0x0000000089500000, 0x0000000089600000|  0%| F|  |TAMS 0x0000000089500000, 0x0000000089500000| Untracked 

Card table byte_map: [0x000001e97a160000,0x000001e97a560000] _byte_map_base: 0x000001e979d55000

Marking Bits (Prev, Next): (CMBitMap*) 0x000001e9748f57d0, (CMBitMap*) 0x000001e9748f5790
 Prev Bits: [0x000001e97c910000, 0x000001e97e8b8000)
 Next Bits: [0x000001e97a960000, 0x000001e97c908000)

Polling page: 0x000001e974950000

Metaspace:

Usage:
  Non-class:     37.91 MB used.
      Class:      4.52 MB used.
       Both:     42.43 MB used.

Virtual space:
  Non-class space:       64.00 MB reserved,      38.12 MB ( 60%) committed,  1 nodes.
      Class space:        1.00 GB reserved,       4.75 MB ( <1%) committed,  1 nodes.
             Both:        1.06 GB reserved,      42.88 MB (  4%) committed. 

Chunk freelists:
   Non-Class:  9.85 MB
       Class:  11.25 MB
        Both:  21.10 MB

MaxMetaspaceSize: unlimited
CompressedClassSpaceSize: 1.00 GB
Initial GC threshold: 21.00 MB
Current GC threshold: 69.50 MB
CDS: off
MetaspaceReclaimPolicy: balanced
 - commit_granule_bytes: 65536.
 - commit_granule_words: 8192.
 - virtual_space_node_default_size: 8388608.
 - enlarge_chunks_in_place: 1.
 - new_chunks_are_fully_committed: 0.
 - uncommit_free_chunks: 1.
 - use_allocation_guard: 0.
 - handle_deallocations: 1.


Internal statistics:

num_allocs_failed_limit: 9.
num_arena_births: 686.
num_arena_deaths: 0.
num_vsnodes_births: 2.
num_vsnodes_deaths: 0.
num_space_committed: 686.
num_space_uncommitted: 0.
num_chunks_returned_to_freelist: 9.
num_chunks_taken_from_freelist: 1703.
num_chunk_merges: 6.
num_chunk_splits: 1038.
num_chunks_enlarged: 617.
num_inconsistent_stats: 0.

CodeHeap 'non-profiled nmethods': size=120000Kb used=5777Kb max_used=5984Kb free=114222Kb
 bounds [0x000001e907ad0000, 0x000001e9080c0000, 0x000001e90f000000]
CodeHeap 'profiled nmethods': size=120000Kb used=15062Kb max_used=17117Kb free=104937Kb
 bounds [0x000001e900000000, 0x000001e9010c0000, 0x000001e907530000]
CodeHeap 'non-nmethods': size=5760Kb used=1293Kb max_used=1340Kb free=4466Kb
 bounds [0x000001e907530000, 0x000001e9077a0000, 0x000001e907ad0000]
 total_blobs=8385 nmethods=7775 adapters=522
 compilation: enabled
              stopped_count=0, restarted_count=0
 full_count=0

Compilation events (20 events):
Event: 2658.598 Thread 0x000001e97efa7700 nmethod 9595 0x000001e90039c510 code [0x000001e90039c6c0, 0x000001e90039c8b8]
Event: 2658.598 Thread 0x000001e97efa6df0 nmethod 9598 0x000001e907bf0b10 code [0x000001e907bf0c80, 0x000001e907bf0cd8]
Event: 2658.598 Thread 0x000001e97efa7700 9599       3       java.lang.invoke.MethodHandleNatives::refKindIsGetter (32 bytes)
Event: 2658.598 Thread 0x000001e97efa7700 nmethod 9599 0x000001e90014bb90 code [0x000001e90014bd20, 0x000001e90014be78]
Event: 2658.602 Thread 0x000001e97efa6df0 9602   !   4       java.io.PrintStream::write (69 bytes)
Event: 2658.604 Thread 0x000001e97efa7700 9603       1       com.aventstack.extentreports.model.NamedAttribute::getName (5 bytes)
Event: 2658.604 Thread 0x000001e97efa7700 nmethod 9603 0x000001e907b0e690 code [0x000001e907b0e820, 0x000001e907b0e8f8]
Event: 2658.607 Thread 0x000001e97efa6df0 nmethod 9602 0x000001e907ef7490 code [0x000001e907ef7660, 0x000001e907ef7d38]
Event: 2658.691 Thread 0x000001e97efa7700 9604       3       org.openqa.selenium.WebDriverException$$Lambda$810/0x00000001004b9810::test (8 bytes)
Event: 2658.691 Thread 0x000001e97efa7700 nmethod 9604 0x000001e90000bf90 code [0x000001e90000c180, 0x000001e90000c6a8]
Event: 2658.691 Thread 0x000001e97efa7700 9605       3       org.openqa.selenium.WebDriverException::lambda$getDriverName$2 (10 bytes)
Event: 2658.691 Thread 0x000001e97efa7700 nmethod 9605 0x000001e900180b10 code [0x000001e900180ce0, 0x000001e900181088]
Event: 2658.691 Thread 0x000001e97efa6df0 9606       4       java.lang.StringBuilder::append (9 bytes)
Event: 2658.700 Thread 0x000001e97efa6df0 nmethod 9606 0x000001e908002310 code [0x000001e9080024c0, 0x000001e908002c88]
Event: 2658.700 Thread 0x000001e97efa6df0 9607       4       jdk.internal.loader.BuiltinClassLoader::findLoadedModule (33 bytes)
Event: 2658.723 Thread 0x000001e97efa6df0 nmethod 9607 0x000001e907b78e90 code [0x000001e907b79060, 0x000001e907b79c68]
Event: 2658.726 Thread 0x000001e97efa6df0 9608       4       java.lang.String::subSequence (7 bytes)
Event: 2658.730 Thread 0x000001e97efa6df0 nmethod 9608 0x000001e907e61310 code [0x000001e907e614c0, 0x000001e907e619e8]
Event: 2658.792 Thread 0x000001e97efa6df0 9609       4       java.util.regex.Pattern$$Lambda$26/0x00000001001463f8::is (5 bytes)
Event: 2658.792 Thread 0x000001e97efa6df0 nmethod 9609 0x000001e907b0e390 code [0x000001e907b0e500, 0x000001e907b0e5d8]

GC Heap History (20 events):
Event: 2286.424 GC heap after
{Heap after GC invocations=209 (full 0):
 garbage-first heap   total 75776K, used 47691K [0x0000000081600000, 0x0000000100000000)
  region size 1024K, 2 young (2048K), 2 survivors (2048K)
 Metaspace       used 43409K, committed 43840K, reserved 1114112K
  class space    used 4625K, committed 4864K, reserved 1048576K
}
Event: 2300.197 GC heap before
{Heap before GC invocations=209 (full 0):
 garbage-first heap   total 75776K, used 62027K [0x0000000081600000, 0x0000000100000000)
  region size 1024K, 17 young (17408K), 2 survivors (2048K)
 Metaspace       used 43409K, committed 43840K, reserved 1114112K
  class space    used 4625K, committed 4864K, reserved 1048576K
}
Event: 2300.199 GC heap after
{Heap after GC invocations=210 (full 0):
 garbage-first heap   total 75776K, used 47268K [0x0000000081600000, 0x0000000100000000)
  region size 1024K, 2 young (2048K), 2 survivors (2048K)
 Metaspace       used 43409K, committed 43840K, reserved 1114112K
  class space    used 4625K, committed 4864K, reserved 1048576K
}
Event: 2313.527 GC heap before
{Heap before GC invocations=210 (full 0):
 garbage-first heap   total 75776K, used 61604K [0x0000000081600000, 0x0000000100000000)
  region size 1024K, 17 young (17408K), 2 survivors (2048K)
 Metaspace       used 43410K, committed 43840K, reserved 1114112K
  class space    used 4625K, committed 4864K, reserved 1048576K
}
Event: 2313.528 GC heap after
{Heap after GC invocations=211 (full 0):
 garbage-first heap   total 75776K, used 46669K [0x0000000081600000, 0x0000000100000000)
  region size 1024K, 1 young (1024K), 1 survivors (1024K)
 Metaspace       used 43410K, committed 43840K, reserved 1114112K
  class space    used 4625K, committed 4864K, reserved 1048576K
}
Event: 2313.554 GC heap before
{Heap before GC invocations=211 (full 0):
 garbage-first heap   total 75776K, used 63053K [0x0000000081600000, 0x0000000100000000)
  region size 1024K, 17 young (17408K), 1 survivors (1024K)
 Metaspace       used 43410K, committed 43840K, reserved 1114112K
  class space    used 4625K, committed 4864K, reserved 1048576K
}
Event: 2313.557 GC heap after
{Heap after GC invocations=212 (full 0):
 garbage-first heap   total 75776K, used 48178K [0x0000000081600000, 0x0000000100000000)
  region size 1024K, 2 young (2048K), 2 survivors (2048K)
 Metaspace       used 43410K, committed 43840K, reserved 1114112K
  class space    used 4625K, committed 4864K, reserved 1048576K
}
Event: 2577.618 GC heap before
{Heap before GC invocations=212 (full 0):
 garbage-first heap   total 75776K, used 63538K [0x0000000081600000, 0x0000000100000000)
  region size 1024K, 17 young (17408K), 2 survivors (2048K)
 Metaspace       used 43414K, committed 43840K, reserved 1114112K
  class space    used 4625K, committed 4864K, reserved 1048576K
}
Event: 2577.620 GC heap after
{Heap after GC invocations=213 (full 0):
 garbage-first heap   total 75776K, used 47581K [0x0000000081600000, 0x0000000100000000)
  region size 1024K, 2 young (2048K), 2 survivors (2048K)
 Metaspace       used 43414K, committed 43840K, reserved 1114112K
  class space    used 4625K, committed 4864K, reserved 1048576K
}
Event: 2603.374 GC heap before
{Heap before GC invocations=213 (full 0):
 garbage-first heap   total 75776K, used 61917K [0x0000000081600000, 0x0000000100000000)
  region size 1024K, 17 young (17408K), 2 survivors (2048K)
 Metaspace       used 43420K, committed 43840K, reserved 1114112K
  class space    used 4625K, committed 4864K, reserved 1048576K
}
Event: 2603.376 GC heap after
{Heap after GC invocations=214 (full 0):
 garbage-first heap   total 75776K, used 47132K [0x0000000081600000, 0x0000000100000000)
  region size 1024K, 1 young (1024K), 1 survivors (1024K)
 Metaspace       used 43420K, committed 43840K, reserved 1114112K
  class space    used 4625K, committed 4864K, reserved 1048576K
}
Event: 2603.406 GC heap before
{Heap before GC invocations=214 (full 0):
 garbage-first heap   total 75776K, used 63516K [0x0000000081600000, 0x0000000100000000)
  region size 1024K, 17 young (17408K), 1 survivors (1024K)
 Metaspace       used 43420K, committed 43840K, reserved 1114112K
  class space    used 4625K, committed 4864K, reserved 1048576K
}
Event: 2603.409 GC heap after
{Heap after GC invocations=215 (full 0):
 garbage-first heap   total 75776K, used 48514K [0x0000000081600000, 0x0000000100000000)
  region size 1024K, 2 young (2048K), 2 survivors (2048K)
 Metaspace       used 43420K, committed 43840K, reserved 1114112K
  class space    used 4625K, committed 4864K, reserved 1048576K
}
Event: 2658.530 GC heap before
{Heap before GC invocations=215 (full 0):
 garbage-first heap   total 75776K, used 63874K [0x0000000081600000, 0x0000000100000000)
  region size 1024K, 17 young (17408K), 2 survivors (2048K)
 Metaspace       used 43424K, committed 43840K, reserved 1114112K
  class space    used 4625K, committed 4864K, reserved 1048576K
}
Event: 2658.532 GC heap after
{Heap after GC invocations=216 (full 0):
 garbage-first heap   total 75776K, used 47974K [0x0000000081600000, 0x0000000100000000)
  region size 1024K, 2 young (2048K), 2 survivors (2048K)
 Metaspace       used 43424K, committed 43840K, reserved 1114112K
  class space    used 4625K, committed 4864K, reserved 1048576K
}
Event: 2658.613 GC heap before
{Heap before GC invocations=216 (full 0):
 garbage-first heap   total 75776K, used 63334K [0x0000000081600000, 0x0000000100000000)
  region size 1024K, 17 young (17408K), 2 survivors (2048K)
 Metaspace       used 43451K, committed 43904K, reserved 1114112K
  class space    used 4631K, committed 4864K, reserved 1048576K
}
Event: 2658.615 GC heap after
{Heap after GC invocations=217 (full 0):
 garbage-first heap   total 75776K, used 47739K [0x0000000081600000, 0x0000000100000000)
  region size 1024K, 1 young (1024K), 1 survivors (1024K)
 Metaspace       used 43451K, committed 43904K, reserved 1114112K
  class space    used 4631K, committed 4864K, reserved 1048576K
}
Event: 2658.704 GC heap before
{Heap before GC invocations=217 (full 0):
 garbage-first heap   total 75776K, used 64123K [0x0000000081600000, 0x0000000100000000)
  region size 1024K, 17 young (17408K), 1 survivors (1024K)
 Metaspace       used 43452K, committed 43904K, reserved 1114112K
  class space    used 4631K, committed 4864K, reserved 1048576K
}
Event: 2658.705 GC heap after
{Heap after GC invocations=218 (full 0):
 garbage-first heap   total 75776K, used 47679K [0x0000000081600000, 0x0000000100000000)
  region size 1024K, 1 young (1024K), 1 survivors (1024K)
 Metaspace       used 43452K, committed 43904K, reserved 1114112K
  class space    used 4631K, committed 4864K, reserved 1048576K
}
Event: 2658.798 GC heap before
{Heap before GC invocations=218 (full 0):
 garbage-first heap   total 75776K, used 64063K [0x0000000081600000, 0x0000000100000000)
  region size 1024K, 17 young (17408K), 1 survivors (1024K)
 Metaspace       used 43452K, committed 43904K, reserved 1114112K
  class space    used 4631K, committed 4864K, reserved 1048576K
}

Dll operation events (9 events):
Event: 0.012 Loaded shared library C:\Users\cis\.p2\pool\plugins\org.eclipse.justj.openjdk.hotspot.jre.full.win32.x86_64_17.0.9.v20231028-0858\jre\bin\java.dll
Event: 0.196 Loaded shared library C:\Users\cis\.p2\pool\plugins\org.eclipse.justj.openjdk.hotspot.jre.full.win32.x86_64_17.0.9.v20231028-0858\jre\bin\net.dll
Event: 0.197 Loaded shared library C:\Users\cis\.p2\pool\plugins\org.eclipse.justj.openjdk.hotspot.jre.full.win32.x86_64_17.0.9.v20231028-0858\jre\bin\nio.dll
Event: 0.205 Loaded shared library C:\Users\cis\.p2\pool\plugins\org.eclipse.justj.openjdk.hotspot.jre.full.win32.x86_64_17.0.9.v20231028-0858\jre\bin\zip.dll
Event: 0.387 Loaded shared library C:\Users\cis\.p2\pool\plugins\org.eclipse.justj.openjdk.hotspot.jre.full.win32.x86_64_17.0.9.v20231028-0858\jre\bin\jimage.dll
Event: 1.675 Loaded shared library C:\Users\cis\.p2\pool\plugins\org.eclipse.justj.openjdk.hotspot.jre.full.win32.x86_64_17.0.9.v20231028-0858\jre\bin\sunmscapi.dll
Event: 4.710 Loaded shared library C:\Users\cis\.p2\pool\plugins\org.eclipse.justj.openjdk.hotspot.jre.full.win32.x86_64_17.0.9.v20231028-0858\jre\bin\verify.dll
Event: 1169.733 Loaded shared library C:\Users\cis\.p2\pool\plugins\org.eclipse.justj.openjdk.hotspot.jre.full.win32.x86_64_17.0.9.v20231028-0858\jre\bin\management.dll
Event: 1169.737 Loaded shared library C:\Users\cis\.p2\pool\plugins\org.eclipse.justj.openjdk.hotspot.jre.full.win32.x86_64_17.0.9.v20231028-0858\jre\bin\management_ext.dll

Deoptimization events (20 events):
Event: 2507.005 Thread 0x000001e97fb52410 Uncommon trap: trap_request=0xffffff45 fr.pc=0x000001e90808c2d4 relative=0x0000000000000654
Event: 2507.005 Thread 0x000001e97fb52410 Uncommon trap: reason=unstable_if action=reinterpret pc=0x000001e90808c2d4 method=java.util.concurrent.CompletableFuture$UniApply.tryFire(I)Ljava/util/concurrent/CompletableFuture; @ 44 c2
Event: 2507.005 Thread 0x000001e97fb52410 DEOPT PACKING pc=0x000001e90808c2d4 sp=0x000000644affed30
Event: 2507.005 Thread 0x000001e97fb52410 DEOPT UNPACKING pc=0x000001e9075869a3 sp=0x000000644affece0 mode 2
Event: 2648.016 Thread 0x000001e915058aa0 DEOPT PACKING pc=0x000001e900f17b2f sp=0x000000644c5ff220
Event: 2648.016 Thread 0x000001e915058aa0 DEOPT UNPACKING pc=0x000001e907587143 sp=0x000000644c5fe928 mode 0
Event: 2658.495 Thread 0x000001e97489b930 DEOPT PACKING pc=0x000001e900ef9ff2 sp=0x0000006448dfd7b0
Event: 2658.495 Thread 0x000001e97489b930 DEOPT UNPACKING pc=0x000001e907587143 sp=0x0000006448dfcc88 mode 0
Event: 2658.496 Thread 0x000001e97489b930 DEOPT PACKING pc=0x000001e900ef9ff2 sp=0x0000006448dfd540
Event: 2658.496 Thread 0x000001e97489b930 DEOPT UNPACKING pc=0x000001e907587143 sp=0x0000006448dfca18 mode 0
Event: 2658.496 Thread 0x000001e97489b930 DEOPT PACKING pc=0x000001e900ef9ff2 sp=0x0000006448dfd5c0
Event: 2658.496 Thread 0x000001e97489b930 DEOPT UNPACKING pc=0x000001e907587143 sp=0x0000006448dfca98 mode 0
Event: 2658.499 Thread 0x000001e97fb4bed0 Uncommon trap: trap_request=0xffffff54 fr.pc=0x000001e907fbabe8 relative=0x0000000000002008
Event: 2658.499 Thread 0x000001e97fb4bed0 Uncommon trap: reason=speculate_null_assert action=make_not_entrant pc=0x000001e907fbabe8 method=jdk.internal.net.http.Exchange.checkFor407(Ljdk/internal/net/http/ExchangeImpl;Ljava/lang/Throwable;Ljava/util/function/Function;)Ljava/util/concurrent/Comple
Event: 2658.499 Thread 0x000001e97fb4bed0 DEOPT PACKING pc=0x000001e907fbabe8 sp=0x00000064530ff2a0
Event: 2658.499 Thread 0x000001e97fb4bed0 DEOPT UNPACKING pc=0x000001e9075869a3 sp=0x00000064530ff2b8 mode 2
Event: 2658.598 Thread 0x000001e97489b930 Uncommon trap: trap_request=0xffffffde fr.pc=0x000001e907f6d2c4 relative=0x0000000000000ae4
Event: 2658.598 Thread 0x000001e97489b930 Uncommon trap: reason=class_check action=maybe_recompile pc=0x000001e907f6d2c4 method=java.util.TreeMap.compare(Ljava/lang/Object;Ljava/lang/Object;)I @ 26 c2
Event: 2658.598 Thread 0x000001e97489b930 DEOPT PACKING pc=0x000001e907f6d2c4 sp=0x0000006448dfc560
Event: 2658.598 Thread 0x000001e97489b930 DEOPT UNPACKING pc=0x000001e9075869a3 sp=0x0000006448dfc420 mode 2

Classes unloaded (0 events):
No events

Classes redefined (0 events):
No events

Internal exceptions (20 events):
Event: 2603.403 Thread 0x000001e97489b930 Exception <a 'java/net/SocketException'{0x00000000850f9ef8}: Socket is not connected: shutdown> (0x00000000850f9ef8) 
thrown [s\src\hotspot\share\prims\jni.cpp, line 535]
Event: 2603.403 Thread 0x000001e97489b930 Exception <a 'java/net/SocketException'{0x00000000850fa760}: Socket is not connected: shutdown> (0x00000000850fa760) 
thrown [s\src\hotspot\share\prims\jni.cpp, line 535]
Event: 2603.582 Thread 0x000001e97fb4aa90 Exception <a 'java/net/ConnectException'{0x0000000089551b08}: Connection refused: no further information> (0x0000000089551b08) 
thrown [s\src\hotspot\share\prims\jni.cpp, line 535]
Event: 2603.582 Thread 0x000001e97fb4aa90 Exception <a 'java/net/SocketException'{0x0000000089551e40}: Socket is not connected: shutdown> (0x0000000089551e40) 
thrown [s\src\hotspot\share\prims\jni.cpp, line 535]
Event: 2603.599 Thread 0x000001e97fb4aa90 Exception <a 'java/net/ConnectException'{0x00000000895531d8}: Connection refused: no further information> (0x00000000895531d8) 
thrown [s\src\hotspot\share\prims\jni.cpp, line 535]
Event: 2603.599 Thread 0x000001e97fb4aa90 Exception <a 'java/net/SocketException'{0x0000000089553750}: Socket is not connected: shutdown> (0x0000000089553750) 
thrown [s\src\hotspot\share\prims\jni.cpp, line 535]
Event: 2658.493 Thread 0x000001e97fb4afa0 Exception <a 'sun/net/ConnectionResetException'{0x0000000085a0b850}: Connection reset> (0x0000000085a0b850) 
thrown [s\src\hotspot\share\prims\jni.cpp, line 535]
Event: 2658.494 Thread 0x000001e97489b930 Exception <a 'java/lang/reflect/InvocationTargetException'{0x0000000085bd2960}> (0x0000000085bd2960) 
thrown [s\src\hotspot\share\runtime\reflection.cpp, line 1121]
Event: 2658.499 Thread 0x000001e97fb4afa0 Exception <a 'java/net/ConnectException'{0x0000000085900440}: Connection refused: no further information> (0x0000000085900440) 
thrown [s\src\hotspot\share\prims\jni.cpp, line 535]
Event: 2658.500 Thread 0x000001e97fb4afa0 Exception <a 'java/net/ConnectException'{0x0000000085902c28}: Connection refused: no further information> (0x0000000085902c28) 
thrown [s\src\hotspot\share\prims\jni.cpp, line 535]
Event: 2658.506 Thread 0x000001e97fb4afa0 Exception <a 'java/net/ConnectException'{0x000000008599e218}: Connection refused: no further information> (0x000000008599e218) 
thrown [s\src\hotspot\share\prims\jni.cpp, line 535]
Event: 2658.506 Thread 0x000001e97fb4aa90 Exception <a 'java/net/ConnectException'{0x000000008599d7c8}: Connection refused: no further information> (0x000000008599d7c8) 
thrown [s\src\hotspot\share\prims\jni.cpp, line 535]
Event: 2658.506 Thread 0x000001e97fb4aa90 Exception <a 'java/net/SocketException'{0x000000008599db00}: Socket is not connected: shutdown> (0x000000008599db00) 
thrown [s\src\hotspot\share\prims\jni.cpp, line 535]
Event: 2658.506 Thread 0x000001e97fb4afa0 Exception <a 'java/net/ConnectException'{0x000000008599ea50}: Connection refused: no further information> (0x000000008599ea50) 
thrown [s\src\hotspot\share\prims\jni.cpp, line 535]
Event: 2658.547 Thread 0x000001e97489b930 Exception <a 'java/net/SocketException'{0x0000000085663580}: Socket is not connected: shutdown> (0x0000000085663580) 
thrown [s\src\hotspot\share\prims\jni.cpp, line 535]
Event: 2658.547 Thread 0x000001e97489b930 Exception <a 'java/net/SocketException'{0x0000000085663de8}: Socket is not connected: shutdown> (0x0000000085663de8) 
thrown [s\src\hotspot\share\prims\jni.cpp, line 535]
Event: 2658.633 Thread 0x000001e97489b930 Exception <a 'java/net/SocketException'{0x0000000085341af0}: Socket is not connected: shutdown> (0x0000000085341af0) 
thrown [s\src\hotspot\share\prims\jni.cpp, line 535]
Event: 2658.633 Thread 0x000001e97489b930 Exception <a 'java/net/SocketException'{0x0000000085342358}: Socket is not connected: shutdown> (0x0000000085342358) 
thrown [s\src\hotspot\share\prims\jni.cpp, line 535]
Event: 2658.729 Thread 0x000001e97489b930 Exception <a 'java/net/SocketException'{0x00000000852e7be0}: Socket is not connected: shutdown> (0x00000000852e7be0) 
thrown [s\src\hotspot\share\prims\jni.cpp, line 535]
Event: 2658.729 Thread 0x000001e97489b930 Exception <a 'java/net/SocketException'{0x00000000852e8448}: Socket is not connected: shutdown> (0x00000000852e8448) 
thrown [s\src\hotspot\share\prims\jni.cpp, line 535]

VM Operations (20 events):
Event: 2525.687 Executing VM operation: HandshakeAllThreads done
Event: 2577.618 Executing VM operation: G1CollectForAllocation
Event: 2577.620 Executing VM operation: G1CollectForAllocation done
Event: 2585.911 Executing VM operation: HandshakeAllThreads
Event: 2585.912 Executing VM operation: HandshakeAllThreads done
Event: 2603.374 Executing VM operation: G1CollectForAllocation
Event: 2603.376 Executing VM operation: G1CollectForAllocation done
Event: 2603.406 Executing VM operation: G1CollectForAllocation
Event: 2603.409 Executing VM operation: G1CollectForAllocation done
Event: 2613.467 Executing VM operation: Cleanup
Event: 2613.468 Executing VM operation: Cleanup done
Event: 2646.128 Executing VM operation: HandshakeAllThreads
Event: 2646.128 Executing VM operation: HandshakeAllThreads done
Event: 2658.530 Executing VM operation: G1CollectForAllocation
Event: 2658.532 Executing VM operation: G1CollectForAllocation done
Event: 2658.613 Executing VM operation: G1CollectForAllocation
Event: 2658.615 Executing VM operation: G1CollectForAllocation done
Event: 2658.703 Executing VM operation: G1CollectForAllocation
Event: 2658.705 Executing VM operation: G1CollectForAllocation done
Event: 2658.798 Executing VM operation: G1CollectForAllocation

Events (20 events):
Event: 2604.812 Thread 0x000001e97fb51f00 Thread added: 0x000001e97fb51f00
Event: 2606.110 Thread 0x000001e97fb4e750 Thread exited: 0x000001e97fb4e750
Event: 2606.360 Thread 0x000001e97fb4e240 Thread exited: 0x000001e97fb4e240
Event: 2608.362 Thread 0x000001e97fb52410 Thread exited: 0x000001e97fb52410
Event: 2658.493 Thread 0x000001e97fb4b4b0 Thread exited: 0x000001e97fb4b4b0
Event: 2658.504 Thread 0x000001e97fb4f170 Thread exited: 0x000001e97fb4f170
Event: 2658.504 Thread 0x000001e97fb52410 Thread added: 0x000001e97fb52410
Event: 2658.504 Thread 0x000001e97fb4b4b0 Thread added: 0x000001e97fb4b4b0
Event: 2658.504 Thread 0x000001e97fb4c3e0 Thread exited: 0x000001e97fb4c3e0
Event: 2658.504 Thread 0x000001e97fb4c8f0 Thread exited: 0x000001e97fb4c8f0
Event: 2658.506 Thread 0x000001e97fb50ac0 Thread exited: 0x000001e97fb50ac0
Event: 2658.506 Thread 0x000001e97fb4b9c0 Thread exited: 0x000001e97fb4b9c0
Event: 2658.507 Thread 0x000001e97fb52410 Thread exited: 0x000001e97fb52410
Event: 2658.507 Thread 0x000001e97fb4b4b0 Thread exited: 0x000001e97fb4b4b0
Event: 2658.550 Thread 0x000001e97fb500a0 Thread added: 0x000001e97fb500a0
Event: 2658.591 Thread 0x000001e97fb500a0 Thread exited: 0x000001e97fb500a0
Event: 2658.636 Thread 0x000001e97fb4b9c0 Thread added: 0x000001e97fb4b9c0
Event: 2658.690 Thread 0x000001e97fb4b9c0 Thread exited: 0x000001e97fb4b9c0
Event: 2658.732 Thread 0x000001e97fb505b0 Thread added: 0x000001e97fb505b0
Event: 2658.790 Thread 0x000001e97fb505b0 Thread exited: 0x000001e97fb505b0


Dynamic libraries:
0x00007ff6ca610000 - 0x00007ff6ca61e000 	C:\Users\cis\.p2\pool\plugins\org.eclipse.justj.openjdk.hotspot.jre.full.win32.x86_64_17.0.9.v20231028-0858\jre\bin\javaw.exe
0x00007ff9acc30000 - 0x00007ff9ace28000 	C:\WINDOWS\SYSTEM32\ntdll.dll
0x00007ff9aaff0000 - 0x00007ff9ab0af000 	C:\WINDOWS\System32\KERNEL32.DLL
0x00007ff9aa430000 - 0x00007ff9aa702000 	C:\WINDOWS\System32\KERNELBASE.dll
0x00007ff9aa920000 - 0x00007ff9aaa20000 	C:\WINDOWS\System32\ucrtbase.dll
0x00007ff98d150000 - 0x00007ff98d167000 	C:\Users\cis\.p2\pool\plugins\org.eclipse.justj.openjdk.hotspot.jre.full.win32.x86_64_17.0.9.v20231028-0858\jre\bin\jli.dll
0x00007ff98c280000 - 0x00007ff98c29b000 	C:\Users\cis\.p2\pool\plugins\org.eclipse.justj.openjdk.hotspot.jre.full.win32.x86_64_17.0.9.v20231028-0858\jre\bin\VCRUNTIME140.dll
0x00007ff9ab220000 - 0x00007ff9ab3c1000 	C:\WINDOWS\System32\USER32.dll
0x00007ff9aac40000 - 0x00007ff9aac62000 	C:\WINDOWS\System32\win32u.dll
0x00007ff998040000 - 0x00007ff9982da000 	C:\WINDOWS\WinSxS\amd64_microsoft.windows.common-controls_6595b64144ccf1df_6.0.19041.1110_none_60b5254171f9507e\COMCTL32.dll
0x00007ff9aae40000 - 0x00007ff9aae6b000 	C:\WINDOWS\System32\GDI32.dll
0x00007ff9aac70000 - 0x00007ff9aad0e000 	C:\WINDOWS\System32\msvcrt.dll
0x00007ff9aa710000 - 0x00007ff9aa81f000 	C:\WINDOWS\System32\gdi32full.dll
0x00007ff9aa390000 - 0x00007ff9aa42d000 	C:\WINDOWS\System32\msvcp_win.dll
0x00007ff9acb90000 - 0x00007ff9acbc2000 	C:\WINDOWS\System32\IMM32.DLL
0x00007ff990860000 - 0x00007ff99086c000 	C:\Users\cis\.p2\pool\plugins\org.eclipse.justj.openjdk.hotspot.jre.full.win32.x86_64_17.0.9.v20231028-0858\jre\bin\vcruntime140_1.dll
0x00007ff97f110000 - 0x00007ff97f19d000 	C:\Users\cis\.p2\pool\plugins\org.eclipse.justj.openjdk.hotspot.jre.full.win32.x86_64_17.0.9.v20231028-0858\jre\bin\msvcp140.dll
0x00007ff9709c0000 - 0x00007ff971621000 	C:\Users\cis\.p2\pool\plugins\org.eclipse.justj.openjdk.hotspot.jre.full.win32.x86_64_17.0.9.v20231028-0858\jre\bin\server\jvm.dll
0x00007ff9ab170000 - 0x00007ff9ab21e000 	C:\WINDOWS\System32\ADVAPI32.dll
0x00007ff9ac800000 - 0x00007ff9ac89c000 	C:\WINDOWS\System32\sechost.dll
0x00007ff9aad10000 - 0x00007ff9aae35000 	C:\WINDOWS\System32\RPCRT4.dll
0x00007ff9aa0e0000 - 0x00007ff9aa12b000 	C:\WINDOWS\SYSTEM32\POWRPROF.dll
0x00007ff991e30000 - 0x00007ff991e39000 	C:\WINDOWS\SYSTEM32\WSOCK32.dll
0x00007ff9abf70000 - 0x00007ff9abfdb000 	C:\WINDOWS\System32\WS2_32.dll
0x00007ff99bd70000 - 0x00007ff99bd97000 	C:\WINDOWS\SYSTEM32\WINMM.dll
0x00007ff99d9e0000 - 0x00007ff99d9ea000 	C:\WINDOWS\SYSTEM32\VERSION.dll
0x00007ff9aa0c0000 - 0x00007ff9aa0d2000 	C:\WINDOWS\SYSTEM32\UMPDC.dll
0x00007ff9a8200000 - 0x00007ff9a8212000 	C:\WINDOWS\SYSTEM32\kernel.appcore.dll
0x00007ff9a2040000 - 0x00007ff9a204a000 	C:\Users\cis\.p2\pool\plugins\org.eclipse.justj.openjdk.hotspot.jre.full.win32.x86_64_17.0.9.v20231028-0858\jre\bin\jimage.dll
0x00007ff998380000 - 0x00007ff998564000 	C:\WINDOWS\SYSTEM32\DBGHELP.DLL
0x00007ff997f60000 - 0x00007ff997f95000 	C:\WINDOWS\SYSTEM32\dbgcore.DLL
0x00007ff9aabb0000 - 0x00007ff9aac32000 	C:\WINDOWS\System32\bcryptPrimitives.dll
0x00007ff98c210000 - 0x00007ff98c235000 	C:\Users\cis\.p2\pool\plugins\org.eclipse.justj.openjdk.hotspot.jre.full.win32.x86_64_17.0.9.v20231028-0858\jre\bin\java.dll
0x00007ff99c0c0000 - 0x00007ff99c0d8000 	C:\Users\cis\.p2\pool\plugins\org.eclipse.justj.openjdk.hotspot.jre.full.win32.x86_64_17.0.9.v20231028-0858\jre\bin\zip.dll
0x00007ff9abfe0000 - 0x00007ff9ac725000 	C:\WINDOWS\System32\SHELL32.dll
0x00007ff9a8400000 - 0x00007ff9a8b92000 	C:\WINDOWS\SYSTEM32\windows.storage.dll
0x00007ff9ab8d0000 - 0x00007ff9abc25000 	C:\WINDOWS\System32\combase.dll
0x00007ff9a9ca0000 - 0x00007ff9a9cd0000 	C:\WINDOWS\SYSTEM32\Wldp.dll
0x00007ff9aca50000 - 0x00007ff9acafd000 	C:\WINDOWS\System32\SHCORE.dll
0x00007ff9ab0b0000 - 0x00007ff9ab105000 	C:\WINDOWS\System32\shlwapi.dll
0x00007ff9aa260000 - 0x00007ff9aa27f000 	C:\WINDOWS\SYSTEM32\profapi.dll
0x00007ff988a80000 - 0x00007ff988a99000 	C:\Users\cis\.p2\pool\plugins\org.eclipse.justj.openjdk.hotspot.jre.full.win32.x86_64_17.0.9.v20231028-0858\jre\bin\net.dll
0x00007ff9a2bb0000 - 0x00007ff9a2cbc000 	C:\WINDOWS\SYSTEM32\WINHTTP.dll
0x00007ff9a9a00000 - 0x00007ff9a9a6a000 	C:\WINDOWS\system32\mswsock.dll
0x00007ff980e30000 - 0x00007ff980e46000 	C:\Users\cis\.p2\pool\plugins\org.eclipse.justj.openjdk.hotspot.jre.full.win32.x86_64_17.0.9.v20231028-0858\jre\bin\nio.dll
0x00007ff9a9730000 - 0x00007ff9a97fb000 	C:\WINDOWS\SYSTEM32\DNSAPI.dll
0x00007ff9a96f0000 - 0x00007ff9a972b000 	C:\WINDOWS\SYSTEM32\IPHLPAPI.DLL
0x00007ff9ab840000 - 0x00007ff9ab848000 	C:\WINDOWS\System32\NSI.dll
0x00007ff99cde0000 - 0x00007ff99cdea000 	C:\Windows\System32\rasadhlp.dll
0x00007ff9a5470000 - 0x00007ff9a54f0000 	C:\WINDOWS\System32\fwpuclnt.dll
0x00007ff9aaa20000 - 0x00007ff9aaa47000 	C:\WINDOWS\System32\bcrypt.dll
0x00007ff9a9c00000 - 0x00007ff9a9c18000 	C:\WINDOWS\SYSTEM32\CRYPTSP.dll
0x00007ff9a9320000 - 0x00007ff9a9354000 	C:\WINDOWS\system32\rsaenh.dll
0x00007ff9aa220000 - 0x00007ff9aa24e000 	C:\WINDOWS\SYSTEM32\USERENV.dll
0x00007ff9a9bf0000 - 0x00007ff9a9bfc000 	C:\WINDOWS\SYSTEM32\CRYPTBASE.dll
0x00007ff9a4bb0000 - 0x00007ff9a4bc7000 	C:\WINDOWS\SYSTEM32\dhcpcsvc6.DLL
0x00007ff9a48a0000 - 0x00007ff9a48bd000 	C:\WINDOWS\SYSTEM32\dhcpcsvc.DLL
0x00007ff99d340000 - 0x00007ff99d34e000 	C:\Users\cis\.p2\pool\plugins\org.eclipse.justj.openjdk.hotspot.jre.full.win32.x86_64_17.0.9.v20231028-0858\jre\bin\sunmscapi.dll
0x00007ff9aaa50000 - 0x00007ff9aaba6000 	C:\WINDOWS\System32\CRYPT32.dll
0x00007ff9a9d10000 - 0x00007ff9a9d37000 	C:\WINDOWS\SYSTEM32\ncrypt.dll
0x00007ff9a9cd0000 - 0x00007ff9a9d0b000 	C:\WINDOWS\SYSTEM32\NTASN1.dll
0x00007ff9a2030000 - 0x00007ff9a2040000 	C:\Users\cis\.p2\pool\plugins\org.eclipse.justj.openjdk.hotspot.jre.full.win32.x86_64_17.0.9.v20231028-0858\jre\bin\verify.dll
0x00007ff98ad40000 - 0x00007ff98ad47000 	C:\WINDOWS\system32\wshunix.dll
0x00007ff9a52d0000 - 0x00007ff9a52d9000 	C:\Users\cis\.p2\pool\plugins\org.eclipse.justj.openjdk.hotspot.jre.full.win32.x86_64_17.0.9.v20231028-0858\jre\bin\management.dll
0x00007ff9a2a00000 - 0x00007ff9a2a0b000 	C:\Users\cis\.p2\pool\plugins\org.eclipse.justj.openjdk.hotspot.jre.full.win32.x86_64_17.0.9.v20231028-0858\jre\bin\management_ext.dll
0x00007ff9ac9e0000 - 0x00007ff9ac9e8000 	C:\WINDOWS\System32\PSAPI.DLL
0x00007ff9922f0000 - 0x00007ff992307000 	C:\WINDOWS\system32\napinsp.dll
0x00007ff9922d0000 - 0x00007ff9922eb000 	C:\WINDOWS\system32\pnrpnsp.dll
0x00007ff9922b0000 - 0x00007ff9922c5000 	C:\WINDOWS\system32\wshbth.dll
0x00007ff9a5ea0000 - 0x00007ff9a5ebd000 	C:\WINDOWS\system32\NLAapi.dll
0x00007ff992290000 - 0x00007ff9922a2000 	C:\WINDOWS\System32\winrnr.dll

dbghelp: loaded successfully - version: 4.0.5 - missing functions: none
symbol engine: initialized successfully - sym options: 0x614 - pdb path: .;C:\Users\cis\.p2\pool\plugins\org.eclipse.justj.openjdk.hotspot.jre.full.win32.x86_64_17.0.9.v20231028-0858\jre\bin;C:\WINDOWS\SYSTEM32;C:\WINDOWS\WinSxS\amd64_microsoft.windows.common-controls_6595b64144ccf1df_6.0.19041.1110_none_60b5254171f9507e;C:\Users\cis\.p2\pool\plugins\org.eclipse.justj.openjdk.hotspot.jre.full.win32.x86_64_17.0.9.v20231028-0858\jre\bin\server

VM Arguments:
jvm_args: -ea -Dfile.encoding=UTF-8 -Dstdout.encoding=UTF-8 -Dstderr.encoding=UTF-8 -XX:+ShowCodeDetailsInExceptionMessages 
java_command: org.testng.remote.RemoteTestNG -serport 51346 -protocol json -d E:\Rahul Bhalla CIS\OntrackProjectBDD\OnTrack_BDD\test-output C:\Users\cis\AppData\Local\Temp\testng-eclipse-481974074\testng-customsuite.xml
java_class_path (initial): E:\Rahul Bhalla CIS\jee-2023-12\eclipse\configuration\org.eclipse.osgi\1006\0\.cp\lib\testng-remote.jar;E:\Rahul Bhalla CIS\OntrackProjectBDD\OnTrack_BDD\target\test-classes;E:\Rahul Bhalla CIS\OntrackProjectBDD\OnTrack_BDD\target\classes;C:\Users\cis\.m2\repository\io\cucumber\cucumber-java\7.14.0\cucumber-java-7.14.0.jar;C:\Users\cis\.m2\repository\io\cucumber\cucumber-core\7.14.0\cucumber-core-7.14.0.jar;C:\Users\cis\.m2\repository\io\cucumber\cucumber-gherkin\7.14.0\cucumber-gherkin-7.14.0.jar;C:\Users\cis\.m2\repository\io\cucumber\cucumber-gherkin-messages\7.14.0\cucumber-gherkin-messages-7.14.0.jar;C:\Users\cis\.m2\repository\io\cucumber\gherkin\26.2.0\gherkin-26.2.0.jar;C:\Users\cis\.m2\repository\io\cucumber\messages\22.0.0\messages-22.0.0.jar;C:\Users\cis\.m2\repository\io\cucumber\tag-expressions\5.0.6\tag-expressions-5.0.6.jar;C:\Users\cis\.m2\repository\io\cucumber\cucumber-expressions\16.1.2\cucumber-expressions-16.1.2.jar;C:\Users\cis\.m2\repository\io\cucumber\datatable\7.14.0\datatable-7.14.0.jar;C:\Users\cis\.m2\repository\io\cucumber\cucumber-plugin\7.14.0\cucumber-plugin-7.14.0.jar;C:\Users\cis\.m2\repository\io\cucumber\docstring\7.14.0\docstring-7.14.0.jar;C:\Users\cis\.m2\repository\io\cucumber\html-formatter\20.4.0\html-formatter-20.4.0.jar;C:\Users\cis\.m2\repository\io\cucumber\junit-xml-formatter\0.2.0\junit-xml-formatter-0.2.0.jar;C:\Users\cis\.m2\repository\io\cucumber\ci-environment\9.2.0\ci-environment-9.2.0.jar;C:\Users\cis\.m2\repository\org\apiguardian\apiguardian-api\1.1.2\apiguardian-api-1.1.2.jar;C:\Users\cis\.m2\repository\tech\grasshopper\extent-pdf-report\2.5.1\extent-pdf-report-2.5.1.jar;C:\Users\cis\.m2\repository\tech\grasshopper\cucumber-pdf-report\2.8.1\cucumber-pdf-report-2.8.1.jar;C:\Users\cis\.m2\repository\org\apache\pdfbox\pdfbox\2.0.26\pdfbox-2.0.26.jar;C:\Users\cis\.m2\repository\org\apache\pdfbox\fontbox\2.0.26\fontbox-2.0.26.jar;C:\Users\cis\.m2\repository\commons-logging\commons-logg
Launcher Type: SUN_STANDARD

[Global flags]
     intx CICompilerCount                          = 3                                         {product} {ergonomic}
     uint ConcGCThreads                            = 1                                         {product} {ergonomic}
     uint G1ConcRefinementThreads                  = 4                                         {product} {ergonomic}
   size_t G1HeapRegionSize                         = 1048576                                   {product} {ergonomic}
    uintx GCDrainStackTargetSize                   = 64                                        {product} {ergonomic}
   size_t InitialHeapSize                          = 134217728                                 {product} {ergonomic}
   size_t MarkStackSize                            = 4194304                                   {product} {ergonomic}
   size_t MaxHeapSize                              = 2124414976                                {product} {ergonomic}
   size_t MaxNewSize                               = 1274019840                                {product} {ergonomic}
   size_t MinHeapDeltaBytes                        = 1048576                                   {product} {ergonomic}
   size_t MinHeapSize                              = 8388608                                   {product} {ergonomic}
    uintx NonNMethodCodeHeapSize                   = 5832780                                {pd product} {ergonomic}
    uintx NonProfiledCodeHeapSize                  = 122912730                              {pd product} {ergonomic}
    uintx ProfiledCodeHeapSize                     = 122912730                              {pd product} {ergonomic}
    uintx ReservedCodeCacheSize                    = 251658240                              {pd product} {ergonomic}
     bool SegmentedCodeCache                       = true                                      {product} {ergonomic}
     bool ShowCodeDetailsInExceptionMessages       = true                                   {manageable} {command line}
   size_t SoftMaxHeapSize                          = 2124414976                             {manageable} {ergonomic}
     bool UseCompressedClassPointers               = true                           {product lp64_product} {ergonomic}
     bool UseCompressedOops                        = true                           {product lp64_product} {ergonomic}
     bool UseG1GC                                  = true                                      {product} {ergonomic}
     bool UseLargePagesIndividualAllocation        = false                                  {pd product} {ergonomic}

Logging:
Log output configuration:
 #0: stdout all=warning uptime,level,tags
 #1: stderr all=off uptime,level,tags

Environment Variables:
JAVA_HOME=C:\Program Files\Java\jdk-17
PATH=C:/Users/cis/.p2/pool/plugins/org.eclipse.justj.openjdk.hotspot.jre.full.win32.x86_64_17.0.9.v20231028-0858/jre/bin/server;C:/Users/cis/.p2/pool/plugins/org.eclipse.justj.openjdk.hotspot.jre.full.win32.x86_64_17.0.9.v20231028-0858/jre/bin;C:\Python311\Scripts\pip;C:\Users\cis\AppData\Roaming\nvm;C:\Users\cis\AppData\Roaming\nvm;C:\Program Files\nodejs;C:\Program Files\nodejs;C:\Windows\System32;C:\Users\cis\.dotnet;C:\Program Files\dotnet\;C:\Program Files\PowerShell\7\;C:\Program Files\Java\jre-1.8\bin;C:\Program Files\Java\jdk-17\bin;C:\Program Files\apache-maven-3.9.6\bin;C:\Program Files\allure-2.27.0\bin;C:\Program Files\MySQL\MySQL Shell 8.0\bin\;C:\Users\cis\AppData\Local\Microsoft\WindowsApps;C:\Users\cis\AppData\Local\Programs\Microsoft VS Code\bin;C:\Users\cis\AppData\Roaming\nvm;C:\Python311;C:\Python311\Scripts\pip;C:\Users\cis\AppData\Roaming\npm;C:\Users\cis\AppData\Roaming\nvm;C:\Program Files\nodejs;C:\Windows\System32;C:\Users\cis\.dotnet\tools;C:\Users\cis\AppData\Local\GitHubDesktop\bin;;C:\Users\cis\Desktop;
USERNAME=cis
OS=Windows_NT
PROCESSOR_IDENTIFIER=Intel64 Family 6 Model 60 Stepping 3, GenuineIntel
TMP=C:\Users\cis\AppData\Local\Temp
TEMP=C:\Users\cis\AppData\Local\Temp



Periodic native trim disabled


---------------  S Y S T E M  ---------------

OS:
 Windows 10 , 64 bit Build 19041 (10.0.19041.2546)
OS uptime: 2 days 2:40 hours

CPU: total 4 (initial active 4) (2 cores per cpu, 2 threads per core) family 6 model 60 stepping 3 microcode 0x27, cx8, cmov, fxsr, ht, mmx, sse, sse2, sse3, ssse3, sse4.1, sse4.2, popcnt, lzcnt, tsc, tscinvbit, avx, avx2, aes, erms, clmul, bmi1, bmi2, fma, vzeroupper, clflush
Processor Information for all 4 processors :
  Max Mhz: 2901, Current Mhz: 2901, Mhz Limit: 2901

Memory: 4k page, system-wide physical 8098M (413M free)
TotalPageFile size 23935M (AvailPageFile size 6M)
current process WorkingSet (physical memory assigned to process): 155M, peak: 215M
current process commit charge ("private bytes"): 251M, peak: 284M

vm_info: OpenJDK 64-Bit Server VM (17.0.9+9) for windows-amd64 JRE (17.0.9+9), built on Oct 26 2023 14:01:42 by "admin" with MS VC++ 16.10 / 16.11 (VS2019)

END.
